<?xml version="1.0" encoding="UTF-8"?>
<testsuite name="com.telnet.jukebox.spring.repository.test.SongRepositoryTest" tests="1" skipped="0" failures="1" errors="0" timestamp="2018-07-27T12:10:49" hostname="dev10-All-Series-ssd" time="0.569">
  <properties/>
  <testcase name="getTop5Songs" classname="com.telnet.jukebox.spring.repository.test.SongRepositoryTest" time="0.569">
    <failure message="org.springframework.orm.jpa.JpaSystemException: could not extract ResultSet; nested exception is org.hibernate.exception.GenericJDBCException: could not extract ResultSet" type="org.springframework.orm.jpa.JpaSystemException">org.springframework.orm.jpa.JpaSystemException: could not extract ResultSet; nested exception is org.hibernate.exception.GenericJDBCException: could not extract ResultSet
	at org.springframework.orm.jpa.vendor.HibernateJpaDialect.convertHibernateAccessException(HibernateJpaDialect.java:314)
	at org.springframework.orm.jpa.vendor.HibernateJpaDialect.translateExceptionIfPossible(HibernateJpaDialect.java:225)
	at org.springframework.orm.jpa.AbstractEntityManagerFactoryBean.translateExceptionIfPossible(AbstractEntityManagerFactoryBean.java:527)
	at org.springframework.dao.support.ChainedPersistenceExceptionTranslator.translateExceptionIfPossible(ChainedPersistenceExceptionTranslator.java:61)
	at org.springframework.dao.support.DataAccessUtils.translateIfNecessary(DataAccessUtils.java:242)
	at org.springframework.dao.support.PersistenceExceptionTranslationInterceptor.invoke(PersistenceExceptionTranslationInterceptor.java:153)
	at org.springframework.aop.framework.ReflectiveMethodInvocation.proceed(ReflectiveMethodInvocation.java:185)
	at org.springframework.data.jpa.repository.support.CrudMethodMetadataPostProcessor$CrudMethodMetadataPopulatingMethodInterceptor.invoke(CrudMethodMetadataPostProcessor.java:135)
	at org.springframework.aop.framework.ReflectiveMethodInvocation.proceed(ReflectiveMethodInvocation.java:185)
	at org.springframework.aop.interceptor.ExposeInvocationInterceptor.invoke(ExposeInvocationInterceptor.java:92)
	at org.springframework.aop.framework.ReflectiveMethodInvocation.proceed(ReflectiveMethodInvocation.java:185)
	at org.springframework.data.repository.core.support.SurroundingTransactionDetectorMethodInterceptor.invoke(SurroundingTransactionDetectorMethodInterceptor.java:61)
	at org.springframework.aop.framework.ReflectiveMethodInvocation.proceed(ReflectiveMethodInvocation.java:185)
	at org.springframework.aop.framework.JdkDynamicAopProxy.invoke(JdkDynamicAopProxy.java:212)
	at com.sun.proxy.$Proxy115.findTop5Songs(Unknown Source)
	at com.telnet.jukebox.spring.repository.test.SongRepositoryTest.getTop5Songs(SongRepositoryTest.java:351)
	at sun.reflect.NativeMethodAccessorImpl.invoke0(Native Method)
	at sun.reflect.NativeMethodAccessorImpl.invoke(NativeMethodAccessorImpl.java:62)
	at sun.reflect.DelegatingMethodAccessorImpl.invoke(DelegatingMethodAccessorImpl.java:43)
	at java.lang.reflect.Method.invoke(Method.java:498)
	at org.junit.runners.model.FrameworkMethod$1.runReflectiveCall(FrameworkMethod.java:50)
	at org.junit.internal.runners.model.ReflectiveCallable.run(ReflectiveCallable.java:12)
	at org.junit.runners.model.FrameworkMethod.invokeExplosively(FrameworkMethod.java:47)
	at org.junit.internal.runners.statements.InvokeMethod.evaluate(InvokeMethod.java:17)
	at org.springframework.test.context.junit4.statements.RunBeforeTestExecutionCallbacks.evaluate(RunBeforeTestExecutionCallbacks.java:73)
	at org.springframework.test.context.junit4.statements.RunAfterTestExecutionCallbacks.evaluate(RunAfterTestExecutionCallbacks.java:83)
	at org.springframework.test.context.junit4.statements.RunBeforeTestMethodCallbacks.evaluate(RunBeforeTestMethodCallbacks.java:75)
	at org.springframework.test.context.junit4.statements.RunAfterTestMethodCallbacks.evaluate(RunAfterTestMethodCallbacks.java:86)
	at org.springframework.test.context.junit4.statements.SpringRepeat.evaluate(SpringRepeat.java:84)
	at org.junit.runners.ParentRunner.runLeaf(ParentRunner.java:325)
	at org.springframework.test.context.junit4.SpringJUnit4ClassRunner.runChild(SpringJUnit4ClassRunner.java:251)
	at org.springframework.test.context.junit4.SpringJUnit4ClassRunner.runChild(SpringJUnit4ClassRunner.java:97)
	at org.junit.runners.ParentRunner$3.run(ParentRunner.java:290)
	at org.junit.runners.ParentRunner$1.schedule(ParentRunner.java:71)
	at org.junit.runners.ParentRunner.runChildren(ParentRunner.java:288)
	at org.junit.runners.ParentRunner.access$000(ParentRunner.java:58)
	at org.junit.runners.ParentRunner$2.evaluate(ParentRunner.java:268)
	at org.springframework.test.context.junit4.statements.RunBeforeTestClassCallbacks.evaluate(RunBeforeTestClassCallbacks.java:61)
	at org.springframework.test.context.junit4.statements.RunAfterTestClassCallbacks.evaluate(RunAfterTestClassCallbacks.java:70)
	at org.junit.runners.ParentRunner.run(ParentRunner.java:363)
	at org.springframework.test.context.junit4.SpringJUnit4ClassRunner.run(SpringJUnit4ClassRunner.java:190)
	at org.gradle.api.internal.tasks.testing.junit.JUnitTestClassExecutor.runTestClass(JUnitTestClassExecutor.java:106)
	at org.gradle.api.internal.tasks.testing.junit.JUnitTestClassExecutor.execute(JUnitTestClassExecutor.java:58)
	at org.gradle.api.internal.tasks.testing.junit.JUnitTestClassExecutor.execute(JUnitTestClassExecutor.java:38)
	at org.gradle.api.internal.tasks.testing.junit.AbstractJUnitTestClassProcessor.processTestClass(AbstractJUnitTestClassProcessor.java:66)
	at org.gradle.api.internal.tasks.testing.SuiteTestClassProcessor.processTestClass(SuiteTestClassProcessor.java:51)
	at sun.reflect.NativeMethodAccessorImpl.invoke0(Native Method)
	at sun.reflect.NativeMethodAccessorImpl.invoke(NativeMethodAccessorImpl.java:62)
	at sun.reflect.DelegatingMethodAccessorImpl.invoke(DelegatingMethodAccessorImpl.java:43)
	at java.lang.reflect.Method.invoke(Method.java:498)
	at org.gradle.internal.dispatch.ReflectionDispatch.dispatch(ReflectionDispatch.java:35)
	at org.gradle.internal.dispatch.ReflectionDispatch.dispatch(ReflectionDispatch.java:24)
	at org.gradle.internal.dispatch.ContextClassLoaderDispatch.dispatch(ContextClassLoaderDispatch.java:32)
	at org.gradle.internal.dispatch.ProxyDispatchAdapter$DispatchingInvocationHandler.invoke(ProxyDispatchAdapter.java:93)
	at com.sun.proxy.$Proxy1.processTestClass(Unknown Source)
	at org.gradle.api.internal.tasks.testing.worker.TestWorker.processTestClass(TestWorker.java:109)
	at sun.reflect.NativeMethodAccessorImpl.invoke0(Native Method)
	at sun.reflect.NativeMethodAccessorImpl.invoke(NativeMethodAccessorImpl.java:62)
	at sun.reflect.DelegatingMethodAccessorImpl.invoke(DelegatingMethodAccessorImpl.java:43)
	at java.lang.reflect.Method.invoke(Method.java:498)
	at org.gradle.internal.dispatch.ReflectionDispatch.dispatch(ReflectionDispatch.java:35)
	at org.gradle.internal.dispatch.ReflectionDispatch.dispatch(ReflectionDispatch.java:24)
	at org.gradle.internal.remote.internal.hub.MessageHubBackedObjectConnection$DispatchWrapper.dispatch(MessageHubBackedObjectConnection.java:155)
	at org.gradle.internal.remote.internal.hub.MessageHubBackedObjectConnection$DispatchWrapper.dispatch(MessageHubBackedObjectConnection.java:137)
	at org.gradle.internal.remote.internal.hub.MessageHub$Handler.run(MessageHub.java:404)
	at org.gradle.internal.concurrent.ExecutorPolicy$CatchAndRecordFailures.onExecute(ExecutorPolicy.java:63)
	at org.gradle.internal.concurrent.ManagedExecutorImpl$1.run(ManagedExecutorImpl.java:46)
	at java.util.concurrent.ThreadPoolExecutor.runWorker(ThreadPoolExecutor.java:1149)
	at java.util.concurrent.ThreadPoolExecutor$Worker.run(ThreadPoolExecutor.java:624)
	at org.gradle.internal.concurrent.ThreadFactoryImpl$ManagedThreadRunnable.run(ThreadFactoryImpl.java:55)
	at java.lang.Thread.run(Thread.java:748)
Caused by: org.hibernate.exception.GenericJDBCException: could not extract ResultSet
	at org.hibernate.exception.internal.StandardSQLExceptionConverter.convert(StandardSQLExceptionConverter.java:47)
	at org.hibernate.engine.jdbc.spi.SqlExceptionHelper.convert(SqlExceptionHelper.java:111)
	at org.hibernate.engine.jdbc.spi.SqlExceptionHelper.convert(SqlExceptionHelper.java:97)
	at org.hibernate.engine.jdbc.internal.ResultSetReturnImpl.extract(ResultSetReturnImpl.java:69)
	at org.hibernate.loader.Loader.getResultSet(Loader.java:2168)
	at org.hibernate.loader.Loader.executeQueryStatement(Loader.java:1931)
	at org.hibernate.loader.Loader.executeQueryStatement(Loader.java:1893)
	at org.hibernate.loader.Loader.doQuery(Loader.java:938)
	at org.hibernate.loader.Loader.doQueryAndInitializeNonLazyCollections(Loader.java:341)
	at org.hibernate.loader.Loader.doList(Loader.java:2692)
	at org.hibernate.loader.Loader.doList(Loader.java:2675)
	at org.hibernate.loader.Loader.listIgnoreQueryCache(Loader.java:2507)
	at org.hibernate.loader.Loader.list(Loader.java:2502)
	at org.hibernate.loader.hql.QueryLoader.list(QueryLoader.java:502)
	at org.hibernate.hql.internal.ast.QueryTranslatorImpl.list(QueryTranslatorImpl.java:392)
	at org.hibernate.engine.query.spi.HQLQueryPlan.performList(HQLQueryPlan.java:216)
	at org.hibernate.internal.SessionImpl.list(SessionImpl.java:1490)
	at org.hibernate.query.internal.AbstractProducedQuery.doList(AbstractProducedQuery.java:1445)
	at org.hibernate.query.internal.AbstractProducedQuery.list(AbstractProducedQuery.java:1414)
	at org.hibernate.query.Query.getResultList(Query.java:146)
	at org.springframework.data.jpa.repository.query.JpaQueryExecution$PagedExecution.doExecute(JpaQueryExecution.java:194)
	at org.springframework.data.jpa.repository.query.JpaQueryExecution.execute(JpaQueryExecution.java:91)
	at org.springframework.data.jpa.repository.query.AbstractJpaQuery.doExecute(AbstractJpaQuery.java:136)
	at org.springframework.data.jpa.repository.query.AbstractJpaQuery.execute(AbstractJpaQuery.java:125)
	at org.springframework.data.repository.core.support.RepositoryFactorySupport$QueryExecutorMethodInterceptor.doInvoke(RepositoryFactorySupport.java:590)
	at org.springframework.data.repository.core.support.RepositoryFactorySupport$QueryExecutorMethodInterceptor.invoke(RepositoryFactorySupport.java:578)
	at org.springframework.aop.framework.ReflectiveMethodInvocation.proceed(ReflectiveMethodInvocation.java:185)
	at org.springframework.data.projection.DefaultMethodInvokingMethodInterceptor.invoke(DefaultMethodInvokingMethodInterceptor.java:59)
	at org.springframework.aop.framework.ReflectiveMethodInvocation.proceed(ReflectiveMethodInvocation.java:185)
	at org.springframework.transaction.interceptor.TransactionAspectSupport.invokeWithinTransaction(TransactionAspectSupport.java:294)
	at org.springframework.transaction.interceptor.TransactionInterceptor.invoke(TransactionInterceptor.java:98)
	at org.springframework.aop.framework.ReflectiveMethodInvocation.proceed(ReflectiveMethodInvocation.java:185)
	at org.springframework.dao.support.PersistenceExceptionTranslationInterceptor.invoke(PersistenceExceptionTranslationInterceptor.java:139)
	... 65 more
Caused by: org.h2.jdbc.JdbcSQLException: Column &quot;TRAFFIC0_.ID&quot; must be in the GROUP BY list; SQL statement:
select song1_.id as id1_3_, song1_.artist_id as artist_i3_3_, song1_.name as name2_3_, song1_.price_id as price_id4_3_ from traffic traffic0_ inner join songs song1_ on traffic0_.song_id=song1_.id group by song1_.id order by count(traffic0_.song_id) DESC, traffic0_.id asc limit ? [90016-197]
	at org.h2.message.DbException.getJdbcSQLException(DbException.java:357)
	at org.h2.message.DbException.get(DbException.java:179)
	at org.h2.message.DbException.get(DbException.java:155)
	at org.h2.expression.ExpressionColumn.updateAggregate(ExpressionColumn.java:172)
	at org.h2.command.dml.Select.queryGroup(Select.java:350)
	at org.h2.command.dml.Select.queryWithoutCache(Select.java:628)
	at org.h2.command.dml.Query.queryWithoutCacheLazyCheck(Query.java:114)
	at org.h2.command.dml.Query.query(Query.java:371)
	at org.h2.command.dml.Query.query(Query.java:333)
	at org.h2.command.CommandContainer.query(CommandContainer.java:114)
	at org.h2.command.Command.executeQuery(Command.java:202)
	at org.h2.jdbc.JdbcPreparedStatement.executeQuery(JdbcPreparedStatement.java:114)
	at org.hibernate.engine.jdbc.internal.ResultSetReturnImpl.extract(ResultSetReturnImpl.java:60)
	... 94 more
</failure>
  </testcase>
  <system-out><![CDATA[14:10:40.469 [Test worker] DEBUG org.springframework.test.context.junit4.SpringJUnit4ClassRunner - SpringJUnit4ClassRunner constructor called with [class com.telnet.jukebox.spring.repository.test.SongRepositoryTest]
14:10:40.480 [Test worker] DEBUG org.springframework.test.context.BootstrapUtils - Instantiating CacheAwareContextLoaderDelegate from class [org.springframework.test.context.cache.DefaultCacheAwareContextLoaderDelegate]
14:10:40.489 [Test worker] DEBUG org.springframework.test.context.BootstrapUtils - Instantiating BootstrapContext using constructor [public org.springframework.test.context.support.DefaultBootstrapContext(java.lang.Class,org.springframework.test.context.CacheAwareContextLoaderDelegate)]
14:10:40.540 [Test worker] DEBUG org.springframework.test.context.BootstrapUtils - Instantiating TestContextBootstrapper for test class [com.telnet.jukebox.spring.repository.test.SongRepositoryTest] from class [org.springframework.boot.test.context.SpringBootTestContextBootstrapper]
14:10:40.576 [Test worker] INFO org.springframework.boot.test.context.SpringBootTestContextBootstrapper - Neither @ContextConfiguration nor @ContextHierarchy found for test class [com.telnet.jukebox.spring.repository.test.SongRepositoryTest], using SpringBootContextLoader
14:10:40.581 [Test worker] DEBUG org.springframework.test.context.support.AbstractContextLoader - Did not detect default resource location for test class [com.telnet.jukebox.spring.repository.test.SongRepositoryTest]: class path resource [com/telnet/jukebox/spring/repository/test/SongRepositoryTest-context.xml] does not exist
14:10:40.584 [Test worker] DEBUG org.springframework.test.context.support.AbstractContextLoader - Did not detect default resource location for test class [com.telnet.jukebox.spring.repository.test.SongRepositoryTest]: class path resource [com/telnet/jukebox/spring/repository/test/SongRepositoryTestContext.groovy] does not exist
14:10:40.584 [Test worker] INFO org.springframework.test.context.support.AbstractContextLoader - Could not detect default resource locations for test class [com.telnet.jukebox.spring.repository.test.SongRepositoryTest]: no resource found for suffixes {-context.xml, Context.groovy}.
14:10:40.586 [Test worker] INFO org.springframework.test.context.support.AnnotationConfigContextLoaderUtils - Could not detect default configuration classes for test class [com.telnet.jukebox.spring.repository.test.SongRepositoryTest]: SongRepositoryTest does not declare any static, non-private, non-final, nested classes annotated with @Configuration.
14:10:40.668 [Test worker] DEBUG org.springframework.test.context.support.ActiveProfilesUtils - Could not find an 'annotation declaring class' for annotation type [org.springframework.test.context.ActiveProfiles] and class [com.telnet.jukebox.spring.repository.test.SongRepositoryTest]
14:10:40.676 [Test worker] DEBUG org.springframework.core.env.StandardEnvironment - Adding PropertySource 'systemProperties' with lowest search precedence
14:10:40.676 [Test worker] DEBUG org.springframework.core.env.StandardEnvironment - Adding PropertySource 'systemEnvironment' with lowest search precedence
14:10:40.677 [Test worker] DEBUG org.springframework.core.env.StandardEnvironment - Initialized StandardEnvironment with PropertySources [MapPropertySource@72894933 {name='systemProperties', properties={java.runtime.name=Java(TM) SE Runtime Environment, sun.boot.library.path=/usr/lib/jvm/java-8-oracle/jre/lib/amd64, java.vm.version=25.171-b11, java.vm.vendor=Oracle Corporation, java.vendor.url=http://java.oracle.com/, path.separator=:, java.vm.name=Java HotSpot(TM) 64-Bit Server VM, file.encoding.pkg=sun.io, sun.java.launcher=SUN_STANDARD, user.country=US, sun.os.patch.level=unknown, java.vm.specification.name=Java Virtual Machine Specification, user.dir=/home/dev-10/Documents/rest/SpringJukeboxWebService, java.runtime.version=1.8.0_171-b11, java.awt.graphicsenv=sun.awt.X11GraphicsEnvironment, java.endorsed.dirs=/usr/lib/jvm/java-8-oracle/jre/lib/endorsed, os.arch=amd64, java.io.tmpdir=/tmp, line.separator=
, java.vm.specification.vendor=Oracle Corporation, user.variant=, os.name=Linux, sun.jnu.encoding=UTF-8, java.library.path=/usr/java/packages/lib/amd64:/usr/lib64:/lib64:/lib:/usr/lib, java.specification.name=Java Platform API Specification, java.class.version=52.0, org.gradle.native=false, sun.management.compiler=HotSpot 64-Bit Tiered Compilers, os.version=4.15.0-29-generic, user.home=/home/dev-10, user.timezone=Europe/Belgrade, java.awt.printerjob=sun.print.PSPrinterJob, file.encoding=UTF-8, java.specification.version=1.8, java.class.path=/home/dev-10/Documents/rest/SpringJukeboxWebService/build/classes/java/test:/home/dev-10/Documents/rest/SpringJukeboxWebService/build/resources/test:/home/dev-10/Documents/rest/SpringJukeboxWebService/build/classes/java/main:/home/dev-10/Documents/rest/SpringJukeboxWebService/build/resources/main:/home/dev-10/.gradle/caches/modules-2/files-2.1/org.springframework.boot/spring-boot-starter-data-jpa/2.0.3.RELEASE/56c909f49b5385793942158e143187ecc8c7b54a/spring-boot-starter-data-jpa-2.0.3.RELEASE.jar:/home/dev-10/.gradle/caches/modules-2/files-2.1/org.springframework.boot/spring-boot-starter-aop/2.0.3.RELEASE/a78c7bc25fd51b217f078421dc40d13ddc3b9f8f/spring-boot-starter-aop-2.0.3.RELEASE.jar:/home/dev-10/.gradle/caches/modules-2/files-2.1/org.springframework.boot/spring-boot-starter-web/2.0.3.RELEASE/41fd4180bea3813de8f3c602b5a126218360315b/spring-boot-starter-web-2.0.3.RELEASE.jar:/home/dev-10/.gradle/caches/modules-2/files-2.1/com.auth0/auth0-spring-security-api/1.0.0-rc.3/9918996950f50f639699a3d398c2b610616b3bd2/auth0-spring-security-api-1.0.0-rc.3.jar:/home/dev-10/.gradle/caches/modules-2/files-2.1/com.auth0/java-jwt/3.3.0/e180a4b31f14c2a1cf203f457fb2149d2f6c1d2/java-jwt-3.3.0.jar:/home/dev-10/.gradle/caches/modules-2/files-2.1/org.springframework.boot/spring-boot-starter-tomcat/2.0.3.RELEASE/25a51a75bfb997b7b95d6760178ee3303863ec4b/spring-boot-starter-tomcat-2.0.3.RELEASE.jar:/home/dev-10/.gradle/caches/modules-2/files-2.1/mysql/mysql-connector-java/5.1.46/9a3e63b387e376364211e96827bc27db8d7a92e9/mysql-connector-java-5.1.46.jar:/home/dev-10/.gradle/caches/modules-2/files-2.1/org.springframework.boot/spring-boot-starter-test/2.0.3.RELEASE/1c624b1cc217bac010abce7a28df8169af4a7fa0/spring-boot-starter-test-2.0.3.RELEASE.jar:/home/dev-10/.gradle/caches/modules-2/files-2.1/com.h2database/h2/1.4.197/bb391050048ca8ae3e32451b5a3714ecd3596a46/h2-1.4.197.jar:/home/dev-10/.gradle/caches/modules-2/files-2.1/org.springframework.boot/spring-boot-starter-jdbc/2.0.3.RELEASE/4f5f3411692a0f5efb60f7f583bdfcf49199a3d4/spring-boot-starter-jdbc-2.0.3.RELEASE.jar:/home/dev-10/.gradle/caches/modules-2/files-2.1/org.springframework.boot/spring-boot-starter-json/2.0.3.RELEASE/2e389a8727588c549c28bb277f0f573f65554850/spring-boot-starter-json-2.0.3.RELEASE.jar:/home/dev-10/.gradle/caches/modules-2/files-2.1/org.springframework.boot/spring-boot-starter/2.0.3.RELEASE/ffaa050dbd36b0441645598f1a7ddaf67fd5e678/spring-boot-starter-2.0.3.RELEASE.jar:/home/dev-10/.gradle/caches/modules-2/files-2.1/org.springframework.data/spring-data-jpa/2.0.8.RELEASE/8b874afd15da2b4d2d9b8431ad2be0c6829e41fe/spring-data-jpa-2.0.8.RELEASE.jar:/home/dev-10/.gradle/caches/modules-2/files-2.1/org.springframework/spring-webmvc/5.0.7.RELEASE/751c871527ec7ff335ffc76f2e737e297c0a8d30/spring-webmvc-5.0.7.RELEASE.jar:/home/dev-10/.gradle/caches/modules-2/files-2.1/org.springframework.security/spring-security-web/5.0.6.RELEASE/f502d929ee62f5dce0fc942f5a22faa52eaaac34/spring-security-web-5.0.6.RELEASE.jar:/home/dev-10/.gradle/caches/modules-2/files-2.1/org.springframework.security/spring-security-config/5.0.6.RELEASE/60367d94d253c82781b7f9abf2294cd0295e1c1/spring-security-config-5.0.6.RELEASE.jar:/home/dev-10/.gradle/caches/modules-2/files-2.1/org.springframework.security/spring-security-core/5.0.6.RELEASE/11c0291cc9cda839b7feb52c519f4a35dc6e251b/spring-security-core-5.0.6.RELEASE.jar:/home/dev-10/.gradle/caches/modules-2/files-2.1/org.springframework.boot/spring-boot-test-autoconfigure/2.0.3.RELEASE/54e7d2167f2b926bf16a0ef8b91b6bfbd43826e7/spring-boot-test-autoconfigure-2.0.3.RELEASE.jar:/home/dev-10/.gradle/caches/modules-2/files-2.1/org.springframework.boot/spring-boot-test/2.0.3.RELEASE/5c9b4bb6cfce9ef6e53a0ff5fc4a7ff2867871d8/spring-boot-test-2.0.3.RELEASE.jar:/home/dev-10/.gradle/caches/modules-2/files-2.1/org.springframework.boot/spring-boot-autoconfigure/2.0.3.RELEASE/11bc4cc96b08fabad2b3186755818fa0b32d83f/spring-boot-autoconfigure-2.0.3.RELEASE.jar:/home/dev-10/.gradle/caches/modules-2/files-2.1/org.springframework.boot/spring-boot/2.0.3.RELEASE/b874870d915adbc3dd932e19077d3d45c8e54aa0/spring-boot-2.0.3.RELEASE.jar:/home/dev-10/.gradle/caches/modules-2/files-2.1/org.springframework/spring-context/5.0.7.RELEASE/243a23f8968de8754d8199d669780d683ab177bd/spring-context-5.0.7.RELEASE.jar:/home/dev-10/.gradle/caches/modules-2/files-2.1/org.springframework/spring-aop/5.0.7.RELEASE/fdd0b6aa3c9c7a188c3bfbf6dfd8d40e843be9ef/spring-aop-5.0.7.RELEASE.jar:/home/dev-10/.gradle/caches/modules-2/files-2.1/org.springframework/spring-aspects/5.0.7.RELEASE/afd3f7ecb9d7c2cb3160563f9f64b72223bb0265/spring-aspects-5.0.7.RELEASE.jar:/home/dev-10/.gradle/caches/modules-2/files-2.1/org.aspectj/aspectjweaver/1.8.13/ad94df2a28d658a40dc27bbaff6a1ce5fbf04e9b/aspectjweaver-1.8.13.jar:/home/dev-10/.gradle/caches/modules-2/files-2.1/org.hibernate/hibernate-core/5.2.17.Final/f2dc36470e7a2ffcf6106bb1625ecf5b54bb5f65/hibernate-core-5.2.17.Final.jar:/home/dev-10/.gradle/caches/modules-2/files-2.1/javax.transaction/javax.transaction-api/1.2/d81aff979d603edd90dcd8db2abc1f4ce6479e3e/javax.transaction-api-1.2.jar:/home/dev-10/.gradle/caches/modules-2/files-2.1/org.hibernate.validator/hibernate-validator/6.0.10.Final/4236051a8d209c00f85e70918d5e26d9f3e5201e/hibernate-validator-6.0.10.Final.jar:/home/dev-10/.gradle/caches/modules-2/files-2.1/org.springframework/spring-web/5.0.7.RELEASE/2e04c6c2922fbfa06b5948be14a5782db168b6ec/spring-web-5.0.7.RELEASE.jar:/home/dev-10/.gradle/caches/modules-2/files-2.1/com.auth0/jwks-rsa/0.2.0/7ea70d02f693b7237e9c6aa5741afd87cfc6284a/jwks-rsa-0.2.0.jar:/home/dev-10/.gradle/caches/modules-2/files-2.1/com.fasterxml.jackson.datatype/jackson-datatype-jdk8/2.9.6/456895fc91bf7180b216fead220373e6278230c9/jackson-datatype-jdk8-2.9.6.jar:/home/dev-10/.gradle/caches/modules-2/files-2.1/com.fasterxml.jackson.datatype/jackson-datatype-jsr310/2.9.6/ea54f6193d224e5e5732bbd4262327eb465397c2/jackson-datatype-jsr310-2.9.6.jar:/home/dev-10/.gradle/caches/modules-2/files-2.1/com.fasterxml.jackson.module/jackson-module-parameter-names/2.9.6/129acd77a4b6ee30d62d3a0899b1344c8ec2bff8/jackson-module-parameter-names-2.9.6.jar:/home/dev-10/.gradle/caches/modules-2/files-2.1/com.fasterxml.jackson.core/jackson-databind/2.9.6/cfa4f316351a91bfd95cb0644c6a2c95f52db1fc/jackson-databind-2.9.6.jar:/home/dev-10/.gradle/caches/modules-2/files-2.1/commons-codec/commons-codec/1.11/3acb4705652e16236558f0f4f2192cc33c3bd189/commons-codec-1.11.jar:/home/dev-10/.gradle/caches/modules-2/files-2.1/com.google.guava/guava/19.0/6ce200f6b23222af3d8abb6b6459e6c44f4bb0e9/guava-19.0.jar:/home/dev-10/.gradle/caches/modules-2/files-2.1/com.jayway.jsonpath/json-path/2.4.0/765a4401ceb2dc8d40553c2075eb80a8fa35c2ae/json-path-2.4.0.jar:/home/dev-10/.gradle/caches/modules-2/files-2.1/com.zaxxer/HikariCP/2.7.9/a83113d2c091d0d0f853dad3217bd7df3beb6ae3/HikariCP-2.7.9.jar:/home/dev-10/.gradle/caches/modules-2/files-2.1/org.springframework.data/spring-data-commons/2.0.8.RELEASE/5c19af63b5acb0eab39066684e813d5ecd9d03b7/spring-data-commons-2.0.8.RELEASE.jar:/home/dev-10/.gradle/caches/modules-2/files-2.1/org.springframework.boot/spring-boot-starter-logging/2.0.3.RELEASE/7caad34f01d2688919e15e09a90467963e3d5190/spring-boot-starter-logging-2.0.3.RELEASE.jar:/home/dev-10/.gradle/caches/modules-2/files-2.1/ch.qos.logback/logback-classic/1.2.3/7c4f3c474fb2c041d8028740440937705ebb473a/logback-classic-1.2.3.jar:/home/dev-10/.gradle/caches/modules-2/files-2.1/org.apache.logging.log4j/log4j-to-slf4j/2.10.0/f7e631ccf49cfc0aefa4a2a728da7d374c05bd3c/log4j-to-slf4j-2.10.0.jar:/home/dev-10/.gradle/caches/modules-2/files-2.1/org.slf4j/jul-to-slf4j/1.7.25/af5364cd6679bfffb114f0dec8a157aaa283b76/jul-to-slf4j-1.7.25.jar:/home/dev-10/.gradle/caches/modules-2/files-2.1/org.slf4j/slf4j-api/1.7.25/da76ca59f6a57ee3102f8f9bd9cee742973efa8a/slf4j-api-1.7.25.jar:/home/dev-10/.gradle/caches/modules-2/files-2.1/javax.annotation/javax.annotation-api/1.3.2/934c04d3cfef185a8008e7bf34331b79730a9d43/javax.annotation-api-1.3.2.jar:/home/dev-10/.gradle/caches/modules-2/files-2.1/org.apache.tomcat.embed/tomcat-embed-websocket/8.5.31/6564e716b89de5eaa0dd234ae7989576503ddf3/tomcat-embed-websocket-8.5.31.jar:/home/dev-10/.gradle/caches/modules-2/files-2.1/org.apache.tomcat.embed/tomcat-embed-core/8.5.31/f5adf7ed8c34aa005b22b6a2dc7b6796e10e9c79/tomcat-embed-core-8.5.31.jar:/home/dev-10/.gradle/caches/modules-2/files-2.1/org.apache.tomcat.embed/tomcat-embed-el/8.5.31/3a536e1ac71b82627c3a7408eb38fa0704cb9034/tomcat-embed-el-8.5.31.jar:/home/dev-10/.gradle/caches/modules-2/files-2.1/junit/junit/4.12/2973d150c0dc1fefe998f834810d68f278ea58ec/junit-4.12.jar:/home/dev-10/.gradle/caches/modules-2/files-2.1/org.assertj/assertj-core/3.9.1/c5ce126b15f28d56cd8f960c1a6a058b9c9aea87/assertj-core-3.9.1.jar:/home/dev-10/.gradle/caches/modules-2/files-2.1/org.mockito/mockito-core/2.15.0/b84bfbbc29cd22c9529409627af6ea2897f4fa85/mockito-core-2.15.0.jar:/home/dev-10/.gradle/caches/modules-2/files-2.1/org.hamcrest/hamcrest-library/1.3/4785a3c21320980282f9f33d0d1264a69040538f/hamcrest-library-1.3.jar:/home/dev-10/.gradle/caches/modules-2/files-2.1/org.hamcrest/hamcrest-core/1.3/42a25dc3219429f0e5d060061f71acb49bf010a0/hamcrest-core-1.3.jar:/home/dev-10/.gradle/caches/modules-2/files-2.1/org.skyscreamer/jsonassert/1.5.0/6c9d5fe2f59da598d9aefc1cfc6528ff3cf32df3/jsonassert-1.5.0.jar:/home/dev-10/.gradle/caches/modules-2/files-2.1/org.springframework/spring-test/5.0.7.RELEASE/bcb7505a316ea34b7e9a7ae5d4921be5b475c02d/spring-test-5.0.7.RELEASE.jar:/home/dev-10/.gradle/caches/modules-2/files-2.1/org.springframework/spring-orm/5.0.7.RELEASE/4deed5f4a38d62f9dba7db8e010da8b49e322757/spring-orm-5.0.7.RELEASE.jar:/home/dev-10/.gradle/caches/modules-2/files-2.1/org.springframework/spring-jdbc/5.0.7.RELEASE/9c78c6b9a6c603f6589b480e165939cde7bab7f9/spring-jdbc-5.0.7.RELEASE.jar:/home/dev-10/.gradle/caches/modules-2/files-2.1/org.springframework/spring-tx/5.0.7.RELEASE/4ca59b21c61162adb146ad1b40c30b60d8dc42b8/spring-tx-5.0.7.RELEASE.jar:/home/dev-10/.gradle/caches/modules-2/files-2.1/org.springframework/spring-beans/5.0.7.RELEASE/c1196cb3e56da83e3c3a02ef323699f4b05feedc/spring-beans-5.0.7.RELEASE.jar:/home/dev-10/.gradle/caches/modules-2/files-2.1/org.springframework/spring-expression/5.0.7.RELEASE/ca01fb473f53dd0ee3c85663b26d5dc325602057/spring-expression-5.0.7.RELEASE.jar:/home/dev-10/.gradle/caches/modules-2/files-2.1/org.springframework/spring-core/5.0.7.RELEASE/54b731178d81e66eca9623df772ff32718208137/spring-core-5.0.7.RELEASE.jar:/home/dev-10/.gradle/caches/modules-2/files-2.1/org.xmlunit/xmlunit-core/2.5.1/4ffdb346572a7356f7521cd3119ce5287d2e339d/xmlunit-core-2.5.1.jar:/home/dev-10/.gradle/caches/modules-2/files-2.1/org.yaml/snakeyaml/1.19/2d998d3d674b172a588e54ab619854d073f555b5/snakeyaml-1.19.jar:/home/dev-10/.gradle/caches/modules-2/files-2.1/org.hibernate.common/hibernate-commons-annotations/5.0.1.Final/71e1cff3fcb20d3b3af4f3363c3ddb24d33c6879/hibernate-commons-annotations-5.0.1.Final.jar:/home/dev-10/.gradle/caches/modules-2/files-2.1/org.jboss.logging/jboss-logging/3.3.2.Final/3789d00e859632e6c6206adc0c71625559e6e3b0/jboss-logging-3.3.2.Final.jar:/home/dev-10/.gradle/caches/modules-2/files-2.1/org.hibernate.javax.persistence/hibernate-jpa-2.1-api/1.0.2.Final/52afb5762c704a6b586e27742470c08f91877fc1/hibernate-jpa-2.1-api-1.0.2.Final.jar:/home/dev-10/.gradle/caches/modules-2/files-2.1/org.javassist/javassist/3.22.0-GA/3e83394258ae2089be7219b971ec21a8288528ad/javassist-3.22.0-GA.jar:/home/dev-10/.gradle/caches/modules-2/files-2.1/antlr/antlr/2.7.7/83cd2cd674a217ade95a4bb83a8a14f351f48bd0/antlr-2.7.7.jar:/home/dev-10/.gradle/caches/modules-2/files-2.1/org.jboss/jandex/2.0.3.Final/bfc4d6257dbff7a33a357f0de116be6ff951d849/jandex-2.0.3.Final.jar:/home/dev-10/.gradle/caches/modules-2/files-2.1/com.fasterxml/classmate/1.3.4/3d5f48f10bbe4eb7bd862f10c0583be2e0053c6/classmate-1.3.4.jar:/home/dev-10/.gradle/caches/modules-2/files-2.1/dom4j/dom4j/1.6.1/5d3ccc056b6f056dbf0dddfdf43894b9065a8f94/dom4j-1.6.1.jar:/home/dev-10/.gradle/caches/modules-2/files-2.1/javax.validation/validation-api/2.0.1.Final/cb855558e6271b1b32e716d24cb85c7f583ce09e/validation-api-2.0.1.Final.jar:/home/dev-10/.gradle/caches/modules-2/files-2.1/commons-io/commons-io/2.4/b1b6ea3b7e4aa4f492509a4952029cd8e48019ad/commons-io-2.4.jar:/home/dev-10/.gradle/caches/modules-2/files-2.1/com.fasterxml.jackson.core/jackson-annotations/2.9.0/7c10d545325e3a6e72e06381afe469fd40eb701/jackson-annotations-2.9.0.jar:/home/dev-10/.gradle/caches/modules-2/files-2.1/com.fasterxml.jackson.core/jackson-core/2.9.6/4e393793c37c77e042ccc7be5a914ae39251b365/jackson-core-2.9.6.jar:/home/dev-10/.gradle/caches/modules-2/files-2.1/net.minidev/json-smart/2.3/7396407491352ce4fa30de92efb158adb76b5b/json-smart-2.3.jar:/home/dev-10/.gradle/caches/modules-2/files-2.1/net.bytebuddy/byte-buddy/1.7.11/f02857a4e2c66ccbe7aaad6100a0a6c461bce9b3/byte-buddy-1.7.11.jar:/home/dev-10/.gradle/caches/modules-2/files-2.1/net.bytebuddy/byte-buddy-agent/1.7.11/b425a8933ca07edd03c6dbc8bc3b595fba9780de/byte-buddy-agent-1.7.11.jar:/home/dev-10/.gradle/caches/modules-2/files-2.1/org.objenesis/objenesis/2.6/639033469776fd37c08358c6b92a4761feb2af4b/objenesis-2.6.jar:/home/dev-10/.gradle/caches/modules-2/files-2.1/com.vaadin.external.google/android-json/0.0.20131108.vaadin1/fa26d351fe62a6a17f5cda1287c1c6110dec413f/android-json-0.0.20131108.vaadin1.jar:/home/dev-10/.gradle/caches/modules-2/files-2.1/org.springframework/spring-jcl/5.0.7.RELEASE/699016ddf454c2c167d9f84ae5777eccadf54728/spring-jcl-5.0.7.RELEASE.jar:/home/dev-10/.gradle/caches/modules-2/files-2.1/net.minidev/accessors-smart/1.2/c592b500269bfde36096641b01238a8350f8aa31/accessors-smart-1.2.jar:/home/dev-10/.gradle/caches/modules-2/files-2.1/ch.qos.logback/logback-core/1.2.3/864344400c3d4d92dfeb0a305dc87d953677c03c/logback-core-1.2.3.jar:/home/dev-10/.gradle/caches/modules-2/files-2.1/org.apache.logging.log4j/log4j-api/2.10.0/fec5797a55b786184a537abd39c3fa1449d752d6/log4j-api-2.10.0.jar:/home/dev-10/.gradle/caches/modules-2/files-2.1/org.ow2.asm/asm/5.0.4/da08b8cce7bbf903602a25a3a163ae252435795/asm-5.0.4.jar, user.name=dev-10, java.vm.specification.version=1.8, sun.java.command=worker.org.gradle.process.internal.worker.GradleWorkerMain 'Gradle Test Executor 2', java.home=/usr/lib/jvm/java-8-oracle/jre, sun.arch.data.model=64, user.language=en, java.specification.vendor=Oracle Corporation, awt.toolkit=sun.awt.X11.XToolkit, java.vm.info=mixed mode, java.version=1.8.0_171, java.ext.dirs=/usr/lib/jvm/java-8-oracle/jre/lib/ext:/usr/java/packages/lib/ext, sun.boot.class.path=/usr/lib/jvm/java-8-oracle/jre/lib/resources.jar:/usr/lib/jvm/java-8-oracle/jre/lib/rt.jar:/usr/lib/jvm/java-8-oracle/jre/lib/sunrsasign.jar:/usr/lib/jvm/java-8-oracle/jre/lib/jsse.jar:/usr/lib/jvm/java-8-oracle/jre/lib/jce.jar:/usr/lib/jvm/java-8-oracle/jre/lib/charsets.jar:/usr/lib/jvm/java-8-oracle/jre/lib/jfr.jar:/usr/lib/jvm/java-8-oracle/jre/classes, java.vendor=Oracle Corporation, org.gradle.test.worker=2, file.separator=/, java.vendor.url.bug=http://bugreport.sun.com/bugreport/, sun.io.unicode.encoding=UnicodeLittle, sun.cpu.endian=little, sun.desktop=gnome, sun.cpu.isalist=}}, SystemEnvironmentPropertySource@762299335 {name='systemEnvironment', properties={PATH=/home/dev-10/bin:/home/dev-10/.local/bin:/usr/local/sbin:/usr/local/bin:/usr/sbin:/usr/bin:/sbin:/bin:/usr/games:/usr/local/games:/usr/share/maven/bin:/snap/bin:/usr/lib/jvm/java-8-oracle/bin:/usr/lib/jvm/java-8-oracle/db/bin:/usr/lib/jvm/java-8-oracle/jre/bin:/usr/share/maven/bin/bin, LC_MEASUREMENT=sr_RS, XAUTHORITY=/home/dev-10/.Xauthority, XMODIFIERS=@im=ibus, LC_TELEPHONE=sr_RS, XDG_DATA_DIRS=/usr/share/ubuntu:/usr/share/gnome:/usr/local/share:/usr/share:/var/lib/snapd/desktop:/var/lib/snapd/desktop, GDMSESSION=ubuntu, MANDATORY_PATH=/usr/share/gconf/ubuntu.mandatory.path, LC_TIME=sr_RS, GTK_IM_MODULE=ibus, DBUS_SESSION_BUS_ADDRESS=unix:abstract=/tmp/dbus-CMkUsQ6IzR, DEFAULTS_PATH=/usr/share/gconf/ubuntu.default.path, XDG_CURRENT_DESKTOP=Unity, UPSTART_SESSION=unix:abstract=/com/ubuntu/upstart-session/1000/1175, QT4_IM_MODULE=xim, SESSION_MANAGER=local/dev10-All-Series-ssd:@/tmp/.ICE-unix/1442,unix/dev10-All-Series-ssd:/tmp/.ICE-unix/1442, LC_PAPER=sr_RS, QT_LINUX_ACCESSIBILITY_ALWAYS_ON=1, LOGNAME=dev-10, JOB=dbus, PWD=/home/dev-10, DERBY_HOME=/usr/lib/jvm/java-8-oracle/db, IM_CONFIG_PHASE=1, LANGUAGE=en_US, SHELL=/bin/bash, LC_ADDRESS=sr_RS, GIO_LAUNCHED_DESKTOP_FILE=/etc/xdg/autostart/nautilus-autostart.desktop, INSTANCE=, GTK2_MODULES=overlay-scrollbar, J2SDKDIR=/usr/lib/jvm/java-8-oracle, GNOME_DESKTOP_SESSION_ID=this-is-deprecated, GTK_MODULES=gail:atk-bridge:unity-gtk-module, J2REDIR=/usr/lib/jvm/java-8-oracle/jre, GDK_SCALE=1, CLUTTER_IM_MODULE=xim, XDG_SESSION_PATH=/org/freedesktop/DisplayManager/Session0, M2_HOME=/usr/share/maven/bin, SESSIONTYPE=gnome-session, XDG_SESSION_DESKTOP=ubuntu, SHLVL=0, LC_IDENTIFICATION=sr_RS, LC_MONETARY=sr_RS, OXYGEN_DISABLE_INNER_SHADOWS_HACK=1, COMPIZ_CONFIG_PROFILE=ubuntu, QT_IM_MODULE=ibus, JAVA_HOME=/usr/lib/jvm/java-8-oracle, XDG_CONFIG_DIRS=/etc/xdg/xdg-ubuntu:/usr/share/upstart/xdg:/etc/xdg, GNOME_KEYRING_CONTROL=, LANG=en_US.UTF-8, XDG_SEAT_PATH=/org/freedesktop/DisplayManager/Seat0, XDG_SESSION_ID=c1, XDG_SESSION_TYPE=x11, DISPLAY=:0, LC_NAME=sr_RS, GDM_LANG=en_US, XDG_GREETER_DATA_DIR=/var/lib/lightdm-data/dev-10, LIBOVERLAY_SCROLLBAR=0, GDK_CORE_DEVICE_EVENTS=1, GPG_AGENT_INFO=/home/dev-10/.gnupg/S.gpg-agent:0:1, DESKTOP_SESSION=ubuntu, SESSION=ubuntu, USER=dev-10, XDG_MENU_PREFIX=gnome-, GIO_LAUNCHED_DESKTOP_FILE_PID=1681, QT_ACCESSIBILITY=1, LC_NUMERIC=sr_RS, SSH_AUTH_SOCK=/run/user/1000/keyring/ssh, XDG_SEAT=seat0, QT_QPA_PLATFORMTHEME=appmenu-qt5, XDG_VTNR=7, XDG_RUNTIME_DIR=/run/user/1000, HOME=/home/dev-10, GNOME_KEYRING_PID=}}]
14:10:40.691 [Test worker] DEBUG org.springframework.core.io.support.PathMatchingResourcePatternResolver - Resolved classpath location [com/telnet/jukebox/spring/repository/test/] to resources [URL [file:/home/dev-10/Documents/rest/SpringJukeboxWebService/build/classes/java/test/com/telnet/jukebox/spring/repository/test/]]
14:10:40.691 [Test worker] DEBUG org.springframework.core.io.support.PathMatchingResourcePatternResolver - Looking for matching resources in directory tree [/home/dev-10/Documents/rest/SpringJukeboxWebService/build/classes/java/test/com/telnet/jukebox/spring/repository/test]
14:10:40.692 [Test worker] DEBUG org.springframework.core.io.support.PathMatchingResourcePatternResolver - Searching directory [/home/dev-10/Documents/rest/SpringJukeboxWebService/build/classes/java/test/com/telnet/jukebox/spring/repository/test] for files matching pattern [/home/dev-10/Documents/rest/SpringJukeboxWebService/build/classes/java/test/com/telnet/jukebox/spring/repository/test/*.class]
14:10:40.696 [Test worker] DEBUG org.springframework.core.io.support.PathMatchingResourcePatternResolver - Resolved location pattern [classpath*:com/telnet/jukebox/spring/repository/test/*.class] to resources [file [/home/dev-10/Documents/rest/SpringJukeboxWebService/build/classes/java/test/com/telnet/jukebox/spring/repository/test/ArtistRepositoryTest.class], file [/home/dev-10/Documents/rest/SpringJukeboxWebService/build/classes/java/test/com/telnet/jukebox/spring/repository/test/GenreRepositoryTest.class], file [/home/dev-10/Documents/rest/SpringJukeboxWebService/build/classes/java/test/com/telnet/jukebox/spring/repository/test/SongRepositoryTest.class], file [/home/dev-10/Documents/rest/SpringJukeboxWebService/build/classes/java/test/com/telnet/jukebox/spring/repository/test/TrafficRepositoryTest.class], file [/home/dev-10/Documents/rest/SpringJukeboxWebService/build/classes/java/test/com/telnet/jukebox/spring/repository/test/UserRepositoryTest.class]]
14:10:40.718 [Test worker] DEBUG org.springframework.core.io.support.PathMatchingResourcePatternResolver - Resolved classpath location [com/telnet/jukebox/spring/repository/] to resources [URL [file:/home/dev-10/Documents/rest/SpringJukeboxWebService/build/classes/java/test/com/telnet/jukebox/spring/repository/], URL [file:/home/dev-10/Documents/rest/SpringJukeboxWebService/build/classes/java/main/com/telnet/jukebox/spring/repository/]]
14:10:40.718 [Test worker] DEBUG org.springframework.core.io.support.PathMatchingResourcePatternResolver - Looking for matching resources in directory tree [/home/dev-10/Documents/rest/SpringJukeboxWebService/build/classes/java/test/com/telnet/jukebox/spring/repository]
14:10:40.718 [Test worker] DEBUG org.springframework.core.io.support.PathMatchingResourcePatternResolver - Searching directory [/home/dev-10/Documents/rest/SpringJukeboxWebService/build/classes/java/test/com/telnet/jukebox/spring/repository] for files matching pattern [/home/dev-10/Documents/rest/SpringJukeboxWebService/build/classes/java/test/com/telnet/jukebox/spring/repository/*.class]
14:10:40.718 [Test worker] DEBUG org.springframework.core.io.support.PathMatchingResourcePatternResolver - Looking for matching resources in directory tree [/home/dev-10/Documents/rest/SpringJukeboxWebService/build/classes/java/main/com/telnet/jukebox/spring/repository]
14:10:40.719 [Test worker] DEBUG org.springframework.core.io.support.PathMatchingResourcePatternResolver - Searching directory [/home/dev-10/Documents/rest/SpringJukeboxWebService/build/classes/java/main/com/telnet/jukebox/spring/repository] for files matching pattern [/home/dev-10/Documents/rest/SpringJukeboxWebService/build/classes/java/main/com/telnet/jukebox/spring/repository/*.class]
14:10:40.721 [Test worker] DEBUG org.springframework.core.io.support.PathMatchingResourcePatternResolver - Resolved location pattern [classpath*:com/telnet/jukebox/spring/repository/*.class] to resources [file [/home/dev-10/Documents/rest/SpringJukeboxWebService/build/classes/java/main/com/telnet/jukebox/spring/repository/ArtistRepository.class], file [/home/dev-10/Documents/rest/SpringJukeboxWebService/build/classes/java/main/com/telnet/jukebox/spring/repository/GenreRepository.class], file [/home/dev-10/Documents/rest/SpringJukeboxWebService/build/classes/java/main/com/telnet/jukebox/spring/repository/PriceRepository.class], file [/home/dev-10/Documents/rest/SpringJukeboxWebService/build/classes/java/main/com/telnet/jukebox/spring/repository/SongRepository.class], file [/home/dev-10/Documents/rest/SpringJukeboxWebService/build/classes/java/main/com/telnet/jukebox/spring/repository/TrafficRepository.class], file [/home/dev-10/Documents/rest/SpringJukeboxWebService/build/classes/java/main/com/telnet/jukebox/spring/repository/UserRepository.class]]
14:10:40.727 [Test worker] DEBUG org.springframework.core.io.support.PathMatchingResourcePatternResolver - Resolved classpath location [com/telnet/jukebox/spring/] to resources [URL [file:/home/dev-10/Documents/rest/SpringJukeboxWebService/build/classes/java/test/com/telnet/jukebox/spring/], URL [file:/home/dev-10/Documents/rest/SpringJukeboxWebService/build/classes/java/main/com/telnet/jukebox/spring/]]
14:10:40.727 [Test worker] DEBUG org.springframework.core.io.support.PathMatchingResourcePatternResolver - Looking for matching resources in directory tree [/home/dev-10/Documents/rest/SpringJukeboxWebService/build/classes/java/test/com/telnet/jukebox/spring]
14:10:40.727 [Test worker] DEBUG org.springframework.core.io.support.PathMatchingResourcePatternResolver - Searching directory [/home/dev-10/Documents/rest/SpringJukeboxWebService/build/classes/java/test/com/telnet/jukebox/spring] for files matching pattern [/home/dev-10/Documents/rest/SpringJukeboxWebService/build/classes/java/test/com/telnet/jukebox/spring/*.class]
14:10:40.728 [Test worker] DEBUG org.springframework.core.io.support.PathMatchingResourcePatternResolver - Looking for matching resources in directory tree [/home/dev-10/Documents/rest/SpringJukeboxWebService/build/classes/java/main/com/telnet/jukebox/spring]
14:10:40.728 [Test worker] DEBUG org.springframework.core.io.support.PathMatchingResourcePatternResolver - Searching directory [/home/dev-10/Documents/rest/SpringJukeboxWebService/build/classes/java/main/com/telnet/jukebox/spring] for files matching pattern [/home/dev-10/Documents/rest/SpringJukeboxWebService/build/classes/java/main/com/telnet/jukebox/spring/*.class]
14:10:40.729 [Test worker] DEBUG org.springframework.core.io.support.PathMatchingResourcePatternResolver - Resolved location pattern [classpath*:com/telnet/jukebox/spring/*.class] to resources [file [/home/dev-10/Documents/rest/SpringJukeboxWebService/build/classes/java/main/com/telnet/jukebox/spring/SpringJukeboxWebServiceApplication.class]]
14:10:40.750 [Test worker] DEBUG org.springframework.context.annotation.ClassPathScanningCandidateComponentProvider - Identified candidate component class: file [/home/dev-10/Documents/rest/SpringJukeboxWebService/build/classes/java/main/com/telnet/jukebox/spring/SpringJukeboxWebServiceApplication.class]
14:10:40.752 [Test worker] INFO org.springframework.boot.test.context.SpringBootTestContextBootstrapper - Found @SpringBootConfiguration com.telnet.jukebox.spring.SpringJukeboxWebServiceApplication for test class com.telnet.jukebox.spring.repository.test.SongRepositoryTest
14:10:40.756 [Test worker] DEBUG org.springframework.boot.test.context.SpringBootTestContextBootstrapper - @TestExecutionListeners is not present for class [com.telnet.jukebox.spring.repository.test.SongRepositoryTest]: using defaults.
14:10:40.757 [Test worker] INFO org.springframework.boot.test.context.SpringBootTestContextBootstrapper - Loaded default TestExecutionListener class names from location [META-INF/spring.factories]: [org.springframework.boot.test.autoconfigure.restdocs.RestDocsTestExecutionListener, org.springframework.boot.test.autoconfigure.web.client.MockRestServiceServerResetTestExecutionListener, org.springframework.boot.test.autoconfigure.web.servlet.MockMvcPrintOnlyOnFailureTestExecutionListener, org.springframework.boot.test.autoconfigure.web.servlet.WebDriverTestExecutionListener, org.springframework.boot.test.mock.mockito.MockitoTestExecutionListener, org.springframework.boot.test.mock.mockito.ResetMocksTestExecutionListener, org.springframework.test.context.web.ServletTestExecutionListener, org.springframework.test.context.support.DirtiesContextBeforeModesTestExecutionListener, org.springframework.test.context.support.DependencyInjectionTestExecutionListener, org.springframework.test.context.support.DirtiesContextTestExecutionListener, org.springframework.test.context.transaction.TransactionalTestExecutionListener, org.springframework.test.context.jdbc.SqlScriptsTestExecutionListener]
14:10:40.781 [Test worker] INFO org.springframework.boot.test.context.SpringBootTestContextBootstrapper - Using TestExecutionListeners: [org.springframework.test.context.web.ServletTestExecutionListener@5866da5b, org.springframework.test.context.support.DirtiesContextBeforeModesTestExecutionListener@55a10c4a, org.springframework.boot.test.mock.mockito.MockitoTestExecutionListener@1ab6d4ec, org.springframework.boot.test.autoconfigure.SpringBootDependencyInjectionTestExecutionListener@3ff5966f, org.springframework.test.context.support.DirtiesContextTestExecutionListener@51af37c8, org.springframework.test.context.transaction.TransactionalTestExecutionListener@cb1a2eb, org.springframework.test.context.jdbc.SqlScriptsTestExecutionListener@200c1625, org.springframework.boot.test.autoconfigure.restdocs.RestDocsTestExecutionListener@3359baa5, org.springframework.boot.test.autoconfigure.web.client.MockRestServiceServerResetTestExecutionListener@1b60da71, org.springframework.boot.test.autoconfigure.web.servlet.MockMvcPrintOnlyOnFailureTestExecutionListener@1ac7850c, org.springframework.boot.test.autoconfigure.web.servlet.WebDriverTestExecutionListener@5a3a054f, org.springframework.boot.test.mock.mockito.ResetMocksTestExecutionListener@2448103f]
14:10:40.787 [Test worker] DEBUG org.springframework.test.annotation.ProfileValueUtils - Retrieved @ProfileValueSourceConfiguration [null] for test class [com.telnet.jukebox.spring.repository.test.SongRepositoryTest]
14:10:40.788 [Test worker] DEBUG org.springframework.test.annotation.ProfileValueUtils - Retrieved ProfileValueSource type [class org.springframework.test.annotation.SystemProfileValueSource] for class [com.telnet.jukebox.spring.repository.test.SongRepositoryTest]
14:10:40.794 [Test worker] DEBUG org.springframework.test.annotation.ProfileValueUtils - Retrieved @ProfileValueSourceConfiguration [null] for test class [com.telnet.jukebox.spring.repository.test.SongRepositoryTest]
14:10:40.795 [Test worker] DEBUG org.springframework.test.annotation.ProfileValueUtils - Retrieved ProfileValueSource type [class org.springframework.test.annotation.SystemProfileValueSource] for class [com.telnet.jukebox.spring.repository.test.SongRepositoryTest]
14:10:40.796 [Test worker] DEBUG org.springframework.test.annotation.ProfileValueUtils - Retrieved @ProfileValueSourceConfiguration [null] for test class [com.telnet.jukebox.spring.repository.test.SongRepositoryTest]
14:10:40.796 [Test worker] DEBUG org.springframework.test.annotation.ProfileValueUtils - Retrieved ProfileValueSource type [class org.springframework.test.annotation.SystemProfileValueSource] for class [com.telnet.jukebox.spring.repository.test.SongRepositoryTest]
14:10:40.803 [Test worker] DEBUG org.springframework.test.context.support.AbstractDirtiesContextTestExecutionListener - Before test class: context [DefaultTestContext@43d39e8c testClass = SongRepositoryTest, testInstance = [null], testMethod = [null], testException = [null], mergedContextConfiguration = [MergedContextConfiguration@6fed3a8f testClass = SongRepositoryTest, locations = '{}', classes = '{class com.telnet.jukebox.spring.SpringJukeboxWebServiceApplication}', contextInitializerClasses = '[]', activeProfiles = '{}', propertySourceLocations = '{}', propertySourceProperties = '{org.springframework.boot.test.context.SpringBootTestContextBootstrapper=true}', contextCustomizers = set[org.springframework.boot.test.autoconfigure.OverrideAutoConfigurationContextCustomizerFactory$DisableAutoConfigurationContextCustomizer@1c8e934d, org.springframework.boot.test.autoconfigure.filter.TypeExcludeFiltersContextCustomizer@351584c0, org.springframework.boot.test.autoconfigure.properties.PropertyMappingContextCustomizer@f72df547, org.springframework.boot.test.autoconfigure.web.servlet.WebDriverContextCustomizerFactory$Customizer@1d7a227c, [ImportsContextCustomizer@214c1dd3 key = [org.springframework.boot.autoconfigure.cache.CacheAutoConfiguration, org.springframework.boot.autoconfigure.data.jpa.JpaRepositoriesAutoConfiguration, org.springframework.boot.autoconfigure.flyway.FlywayAutoConfiguration, org.springframework.boot.autoconfigure.jdbc.DataSourceAutoConfiguration, org.springframework.boot.autoconfigure.jdbc.DataSourceTransactionManagerAutoConfiguration, org.springframework.boot.autoconfigure.jdbc.JdbcTemplateAutoConfiguration, org.springframework.boot.autoconfigure.liquibase.LiquibaseAutoConfiguration, org.springframework.boot.autoconfigure.orm.jpa.HibernateJpaAutoConfiguration, org.springframework.boot.autoconfigure.transaction.TransactionAutoConfiguration, org.springframework.boot.test.autoconfigure.jdbc.TestDatabaseAutoConfiguration, org.springframework.boot.test.autoconfigure.orm.jpa.TestEntityManagerAutoConfiguration]], org.springframework.boot.test.context.filter.ExcludeFilterContextCustomizer@3e6b2d7d, org.springframework.boot.test.json.DuplicateJsonObjectContextCustomizerFactory$DuplicateJsonObjectContextCustomizer@3801af7a, org.springframework.boot.test.mock.mockito.MockitoContextCustomizer@0], contextLoader = 'org.springframework.boot.test.context.SpringBootContextLoader', parent = [null]], attributes = map[[empty]]], class annotated with @DirtiesContext [false] with mode [null].
14:10:40.805 [Test worker] DEBUG org.springframework.test.annotation.ProfileValueUtils - Retrieved @ProfileValueSourceConfiguration [null] for test class [com.telnet.jukebox.spring.repository.test.SongRepositoryTest]
14:10:40.805 [Test worker] DEBUG org.springframework.test.annotation.ProfileValueUtils - Retrieved ProfileValueSource type [class org.springframework.test.annotation.SystemProfileValueSource] for class [com.telnet.jukebox.spring.repository.test.SongRepositoryTest]
14:10:40.813 [Test worker] DEBUG org.springframework.test.context.support.DependencyInjectionTestExecutionListener - Performing dependency injection for test context [[DefaultTestContext@43d39e8c testClass = SongRepositoryTest, testInstance = com.telnet.jukebox.spring.repository.test.SongRepositoryTest@24a17e6c, testMethod = [null], testException = [null], mergedContextConfiguration = [MergedContextConfiguration@6fed3a8f testClass = SongRepositoryTest, locations = '{}', classes = '{class com.telnet.jukebox.spring.SpringJukeboxWebServiceApplication}', contextInitializerClasses = '[]', activeProfiles = '{}', propertySourceLocations = '{}', propertySourceProperties = '{org.springframework.boot.test.context.SpringBootTestContextBootstrapper=true}', contextCustomizers = set[org.springframework.boot.test.autoconfigure.OverrideAutoConfigurationContextCustomizerFactory$DisableAutoConfigurationContextCustomizer@1c8e934d, org.springframework.boot.test.autoconfigure.filter.TypeExcludeFiltersContextCustomizer@351584c0, org.springframework.boot.test.autoconfigure.properties.PropertyMappingContextCustomizer@f72df547, org.springframework.boot.test.autoconfigure.web.servlet.WebDriverContextCustomizerFactory$Customizer@1d7a227c, [ImportsContextCustomizer@214c1dd3 key = [org.springframework.boot.autoconfigure.cache.CacheAutoConfiguration, org.springframework.boot.autoconfigure.data.jpa.JpaRepositoriesAutoConfiguration, org.springframework.boot.autoconfigure.flyway.FlywayAutoConfiguration, org.springframework.boot.autoconfigure.jdbc.DataSourceAutoConfiguration, org.springframework.boot.autoconfigure.jdbc.DataSourceTransactionManagerAutoConfiguration, org.springframework.boot.autoconfigure.jdbc.JdbcTemplateAutoConfiguration, org.springframework.boot.autoconfigure.liquibase.LiquibaseAutoConfiguration, org.springframework.boot.autoconfigure.orm.jpa.HibernateJpaAutoConfiguration, org.springframework.boot.autoconfigure.transaction.TransactionAutoConfiguration, org.springframework.boot.test.autoconfigure.jdbc.TestDatabaseAutoConfiguration, org.springframework.boot.test.autoconfigure.orm.jpa.TestEntityManagerAutoConfiguration]], org.springframework.boot.test.context.filter.ExcludeFilterContextCustomizer@3e6b2d7d, org.springframework.boot.test.json.DuplicateJsonObjectContextCustomizerFactory$DuplicateJsonObjectContextCustomizer@3801af7a, org.springframework.boot.test.mock.mockito.MockitoContextCustomizer@0], contextLoader = 'org.springframework.boot.test.context.SpringBootContextLoader', parent = [null]], attributes = map[[empty]]]].
14:10:40.864 [Test worker] DEBUG org.springframework.core.env.StandardEnvironment - Adding PropertySource 'systemProperties' with lowest search precedence
14:10:40.864 [Test worker] DEBUG org.springframework.core.env.StandardEnvironment - Adding PropertySource 'systemEnvironment' with lowest search precedence
14:10:40.864 [Test worker] DEBUG org.springframework.core.env.StandardEnvironment - Initialized StandardEnvironment with PropertySources [MapPropertySource@1188180236 {name='systemProperties', properties={java.runtime.name=Java(TM) SE Runtime Environment, sun.boot.library.path=/usr/lib/jvm/java-8-oracle/jre/lib/amd64, java.vm.version=25.171-b11, java.vm.vendor=Oracle Corporation, java.vendor.url=http://java.oracle.com/, path.separator=:, java.vm.name=Java HotSpot(TM) 64-Bit Server VM, file.encoding.pkg=sun.io, sun.java.launcher=SUN_STANDARD, user.country=US, sun.os.patch.level=unknown, java.vm.specification.name=Java Virtual Machine Specification, user.dir=/home/dev-10/Documents/rest/SpringJukeboxWebService, java.runtime.version=1.8.0_171-b11, java.awt.graphicsenv=sun.awt.X11GraphicsEnvironment, java.endorsed.dirs=/usr/lib/jvm/java-8-oracle/jre/lib/endorsed, os.arch=amd64, java.io.tmpdir=/tmp, line.separator=
, java.vm.specification.vendor=Oracle Corporation, user.variant=, os.name=Linux, sun.jnu.encoding=UTF-8, java.library.path=/usr/java/packages/lib/amd64:/usr/lib64:/lib64:/lib:/usr/lib, java.specification.name=Java Platform API Specification, java.class.version=52.0, org.gradle.native=false, sun.management.compiler=HotSpot 64-Bit Tiered Compilers, os.version=4.15.0-29-generic, user.home=/home/dev-10, user.timezone=Europe/Belgrade, java.awt.printerjob=sun.print.PSPrinterJob, file.encoding=UTF-8, java.specification.version=1.8, java.class.path=/home/dev-10/Documents/rest/SpringJukeboxWebService/build/classes/java/test:/home/dev-10/Documents/rest/SpringJukeboxWebService/build/resources/test:/home/dev-10/Documents/rest/SpringJukeboxWebService/build/classes/java/main:/home/dev-10/Documents/rest/SpringJukeboxWebService/build/resources/main:/home/dev-10/.gradle/caches/modules-2/files-2.1/org.springframework.boot/spring-boot-starter-data-jpa/2.0.3.RELEASE/56c909f49b5385793942158e143187ecc8c7b54a/spring-boot-starter-data-jpa-2.0.3.RELEASE.jar:/home/dev-10/.gradle/caches/modules-2/files-2.1/org.springframework.boot/spring-boot-starter-aop/2.0.3.RELEASE/a78c7bc25fd51b217f078421dc40d13ddc3b9f8f/spring-boot-starter-aop-2.0.3.RELEASE.jar:/home/dev-10/.gradle/caches/modules-2/files-2.1/org.springframework.boot/spring-boot-starter-web/2.0.3.RELEASE/41fd4180bea3813de8f3c602b5a126218360315b/spring-boot-starter-web-2.0.3.RELEASE.jar:/home/dev-10/.gradle/caches/modules-2/files-2.1/com.auth0/auth0-spring-security-api/1.0.0-rc.3/9918996950f50f639699a3d398c2b610616b3bd2/auth0-spring-security-api-1.0.0-rc.3.jar:/home/dev-10/.gradle/caches/modules-2/files-2.1/com.auth0/java-jwt/3.3.0/e180a4b31f14c2a1cf203f457fb2149d2f6c1d2/java-jwt-3.3.0.jar:/home/dev-10/.gradle/caches/modules-2/files-2.1/org.springframework.boot/spring-boot-starter-tomcat/2.0.3.RELEASE/25a51a75bfb997b7b95d6760178ee3303863ec4b/spring-boot-starter-tomcat-2.0.3.RELEASE.jar:/home/dev-10/.gradle/caches/modules-2/files-2.1/mysql/mysql-connector-java/5.1.46/9a3e63b387e376364211e96827bc27db8d7a92e9/mysql-connector-java-5.1.46.jar:/home/dev-10/.gradle/caches/modules-2/files-2.1/org.springframework.boot/spring-boot-starter-test/2.0.3.RELEASE/1c624b1cc217bac010abce7a28df8169af4a7fa0/spring-boot-starter-test-2.0.3.RELEASE.jar:/home/dev-10/.gradle/caches/modules-2/files-2.1/com.h2database/h2/1.4.197/bb391050048ca8ae3e32451b5a3714ecd3596a46/h2-1.4.197.jar:/home/dev-10/.gradle/caches/modules-2/files-2.1/org.springframework.boot/spring-boot-starter-jdbc/2.0.3.RELEASE/4f5f3411692a0f5efb60f7f583bdfcf49199a3d4/spring-boot-starter-jdbc-2.0.3.RELEASE.jar:/home/dev-10/.gradle/caches/modules-2/files-2.1/org.springframework.boot/spring-boot-starter-json/2.0.3.RELEASE/2e389a8727588c549c28bb277f0f573f65554850/spring-boot-starter-json-2.0.3.RELEASE.jar:/home/dev-10/.gradle/caches/modules-2/files-2.1/org.springframework.boot/spring-boot-starter/2.0.3.RELEASE/ffaa050dbd36b0441645598f1a7ddaf67fd5e678/spring-boot-starter-2.0.3.RELEASE.jar:/home/dev-10/.gradle/caches/modules-2/files-2.1/org.springframework.data/spring-data-jpa/2.0.8.RELEASE/8b874afd15da2b4d2d9b8431ad2be0c6829e41fe/spring-data-jpa-2.0.8.RELEASE.jar:/home/dev-10/.gradle/caches/modules-2/files-2.1/org.springframework/spring-webmvc/5.0.7.RELEASE/751c871527ec7ff335ffc76f2e737e297c0a8d30/spring-webmvc-5.0.7.RELEASE.jar:/home/dev-10/.gradle/caches/modules-2/files-2.1/org.springframework.security/spring-security-web/5.0.6.RELEASE/f502d929ee62f5dce0fc942f5a22faa52eaaac34/spring-security-web-5.0.6.RELEASE.jar:/home/dev-10/.gradle/caches/modules-2/files-2.1/org.springframework.security/spring-security-config/5.0.6.RELEASE/60367d94d253c82781b7f9abf2294cd0295e1c1/spring-security-config-5.0.6.RELEASE.jar:/home/dev-10/.gradle/caches/modules-2/files-2.1/org.springframework.security/spring-security-core/5.0.6.RELEASE/11c0291cc9cda839b7feb52c519f4a35dc6e251b/spring-security-core-5.0.6.RELEASE.jar:/home/dev-10/.gradle/caches/modules-2/files-2.1/org.springframework.boot/spring-boot-test-autoconfigure/2.0.3.RELEASE/54e7d2167f2b926bf16a0ef8b91b6bfbd43826e7/spring-boot-test-autoconfigure-2.0.3.RELEASE.jar:/home/dev-10/.gradle/caches/modules-2/files-2.1/org.springframework.boot/spring-boot-test/2.0.3.RELEASE/5c9b4bb6cfce9ef6e53a0ff5fc4a7ff2867871d8/spring-boot-test-2.0.3.RELEASE.jar:/home/dev-10/.gradle/caches/modules-2/files-2.1/org.springframework.boot/spring-boot-autoconfigure/2.0.3.RELEASE/11bc4cc96b08fabad2b3186755818fa0b32d83f/spring-boot-autoconfigure-2.0.3.RELEASE.jar:/home/dev-10/.gradle/caches/modules-2/files-2.1/org.springframework.boot/spring-boot/2.0.3.RELEASE/b874870d915adbc3dd932e19077d3d45c8e54aa0/spring-boot-2.0.3.RELEASE.jar:/home/dev-10/.gradle/caches/modules-2/files-2.1/org.springframework/spring-context/5.0.7.RELEASE/243a23f8968de8754d8199d669780d683ab177bd/spring-context-5.0.7.RELEASE.jar:/home/dev-10/.gradle/caches/modules-2/files-2.1/org.springframework/spring-aop/5.0.7.RELEASE/fdd0b6aa3c9c7a188c3bfbf6dfd8d40e843be9ef/spring-aop-5.0.7.RELEASE.jar:/home/dev-10/.gradle/caches/modules-2/files-2.1/org.springframework/spring-aspects/5.0.7.RELEASE/afd3f7ecb9d7c2cb3160563f9f64b72223bb0265/spring-aspects-5.0.7.RELEASE.jar:/home/dev-10/.gradle/caches/modules-2/files-2.1/org.aspectj/aspectjweaver/1.8.13/ad94df2a28d658a40dc27bbaff6a1ce5fbf04e9b/aspectjweaver-1.8.13.jar:/home/dev-10/.gradle/caches/modules-2/files-2.1/org.hibernate/hibernate-core/5.2.17.Final/f2dc36470e7a2ffcf6106bb1625ecf5b54bb5f65/hibernate-core-5.2.17.Final.jar:/home/dev-10/.gradle/caches/modules-2/files-2.1/javax.transaction/javax.transaction-api/1.2/d81aff979d603edd90dcd8db2abc1f4ce6479e3e/javax.transaction-api-1.2.jar:/home/dev-10/.gradle/caches/modules-2/files-2.1/org.hibernate.validator/hibernate-validator/6.0.10.Final/4236051a8d209c00f85e70918d5e26d9f3e5201e/hibernate-validator-6.0.10.Final.jar:/home/dev-10/.gradle/caches/modules-2/files-2.1/org.springframework/spring-web/5.0.7.RELEASE/2e04c6c2922fbfa06b5948be14a5782db168b6ec/spring-web-5.0.7.RELEASE.jar:/home/dev-10/.gradle/caches/modules-2/files-2.1/com.auth0/jwks-rsa/0.2.0/7ea70d02f693b7237e9c6aa5741afd87cfc6284a/jwks-rsa-0.2.0.jar:/home/dev-10/.gradle/caches/modules-2/files-2.1/com.fasterxml.jackson.datatype/jackson-datatype-jdk8/2.9.6/456895fc91bf7180b216fead220373e6278230c9/jackson-datatype-jdk8-2.9.6.jar:/home/dev-10/.gradle/caches/modules-2/files-2.1/com.fasterxml.jackson.datatype/jackson-datatype-jsr310/2.9.6/ea54f6193d224e5e5732bbd4262327eb465397c2/jackson-datatype-jsr310-2.9.6.jar:/home/dev-10/.gradle/caches/modules-2/files-2.1/com.fasterxml.jackson.module/jackson-module-parameter-names/2.9.6/129acd77a4b6ee30d62d3a0899b1344c8ec2bff8/jackson-module-parameter-names-2.9.6.jar:/home/dev-10/.gradle/caches/modules-2/files-2.1/com.fasterxml.jackson.core/jackson-databind/2.9.6/cfa4f316351a91bfd95cb0644c6a2c95f52db1fc/jackson-databind-2.9.6.jar:/home/dev-10/.gradle/caches/modules-2/files-2.1/commons-codec/commons-codec/1.11/3acb4705652e16236558f0f4f2192cc33c3bd189/commons-codec-1.11.jar:/home/dev-10/.gradle/caches/modules-2/files-2.1/com.google.guava/guava/19.0/6ce200f6b23222af3d8abb6b6459e6c44f4bb0e9/guava-19.0.jar:/home/dev-10/.gradle/caches/modules-2/files-2.1/com.jayway.jsonpath/json-path/2.4.0/765a4401ceb2dc8d40553c2075eb80a8fa35c2ae/json-path-2.4.0.jar:/home/dev-10/.gradle/caches/modules-2/files-2.1/com.zaxxer/HikariCP/2.7.9/a83113d2c091d0d0f853dad3217bd7df3beb6ae3/HikariCP-2.7.9.jar:/home/dev-10/.gradle/caches/modules-2/files-2.1/org.springframework.data/spring-data-commons/2.0.8.RELEASE/5c19af63b5acb0eab39066684e813d5ecd9d03b7/spring-data-commons-2.0.8.RELEASE.jar:/home/dev-10/.gradle/caches/modules-2/files-2.1/org.springframework.boot/spring-boot-starter-logging/2.0.3.RELEASE/7caad34f01d2688919e15e09a90467963e3d5190/spring-boot-starter-logging-2.0.3.RELEASE.jar:/home/dev-10/.gradle/caches/modules-2/files-2.1/ch.qos.logback/logback-classic/1.2.3/7c4f3c474fb2c041d8028740440937705ebb473a/logback-classic-1.2.3.jar:/home/dev-10/.gradle/caches/modules-2/files-2.1/org.apache.logging.log4j/log4j-to-slf4j/2.10.0/f7e631ccf49cfc0aefa4a2a728da7d374c05bd3c/log4j-to-slf4j-2.10.0.jar:/home/dev-10/.gradle/caches/modules-2/files-2.1/org.slf4j/jul-to-slf4j/1.7.25/af5364cd6679bfffb114f0dec8a157aaa283b76/jul-to-slf4j-1.7.25.jar:/home/dev-10/.gradle/caches/modules-2/files-2.1/org.slf4j/slf4j-api/1.7.25/da76ca59f6a57ee3102f8f9bd9cee742973efa8a/slf4j-api-1.7.25.jar:/home/dev-10/.gradle/caches/modules-2/files-2.1/javax.annotation/javax.annotation-api/1.3.2/934c04d3cfef185a8008e7bf34331b79730a9d43/javax.annotation-api-1.3.2.jar:/home/dev-10/.gradle/caches/modules-2/files-2.1/org.apache.tomcat.embed/tomcat-embed-websocket/8.5.31/6564e716b89de5eaa0dd234ae7989576503ddf3/tomcat-embed-websocket-8.5.31.jar:/home/dev-10/.gradle/caches/modules-2/files-2.1/org.apache.tomcat.embed/tomcat-embed-core/8.5.31/f5adf7ed8c34aa005b22b6a2dc7b6796e10e9c79/tomcat-embed-core-8.5.31.jar:/home/dev-10/.gradle/caches/modules-2/files-2.1/org.apache.tomcat.embed/tomcat-embed-el/8.5.31/3a536e1ac71b82627c3a7408eb38fa0704cb9034/tomcat-embed-el-8.5.31.jar:/home/dev-10/.gradle/caches/modules-2/files-2.1/junit/junit/4.12/2973d150c0dc1fefe998f834810d68f278ea58ec/junit-4.12.jar:/home/dev-10/.gradle/caches/modules-2/files-2.1/org.assertj/assertj-core/3.9.1/c5ce126b15f28d56cd8f960c1a6a058b9c9aea87/assertj-core-3.9.1.jar:/home/dev-10/.gradle/caches/modules-2/files-2.1/org.mockito/mockito-core/2.15.0/b84bfbbc29cd22c9529409627af6ea2897f4fa85/mockito-core-2.15.0.jar:/home/dev-10/.gradle/caches/modules-2/files-2.1/org.hamcrest/hamcrest-library/1.3/4785a3c21320980282f9f33d0d1264a69040538f/hamcrest-library-1.3.jar:/home/dev-10/.gradle/caches/modules-2/files-2.1/org.hamcrest/hamcrest-core/1.3/42a25dc3219429f0e5d060061f71acb49bf010a0/hamcrest-core-1.3.jar:/home/dev-10/.gradle/caches/modules-2/files-2.1/org.skyscreamer/jsonassert/1.5.0/6c9d5fe2f59da598d9aefc1cfc6528ff3cf32df3/jsonassert-1.5.0.jar:/home/dev-10/.gradle/caches/modules-2/files-2.1/org.springframework/spring-test/5.0.7.RELEASE/bcb7505a316ea34b7e9a7ae5d4921be5b475c02d/spring-test-5.0.7.RELEASE.jar:/home/dev-10/.gradle/caches/modules-2/files-2.1/org.springframework/spring-orm/5.0.7.RELEASE/4deed5f4a38d62f9dba7db8e010da8b49e322757/spring-orm-5.0.7.RELEASE.jar:/home/dev-10/.gradle/caches/modules-2/files-2.1/org.springframework/spring-jdbc/5.0.7.RELEASE/9c78c6b9a6c603f6589b480e165939cde7bab7f9/spring-jdbc-5.0.7.RELEASE.jar:/home/dev-10/.gradle/caches/modules-2/files-2.1/org.springframework/spring-tx/5.0.7.RELEASE/4ca59b21c61162adb146ad1b40c30b60d8dc42b8/spring-tx-5.0.7.RELEASE.jar:/home/dev-10/.gradle/caches/modules-2/files-2.1/org.springframework/spring-beans/5.0.7.RELEASE/c1196cb3e56da83e3c3a02ef323699f4b05feedc/spring-beans-5.0.7.RELEASE.jar:/home/dev-10/.gradle/caches/modules-2/files-2.1/org.springframework/spring-expression/5.0.7.RELEASE/ca01fb473f53dd0ee3c85663b26d5dc325602057/spring-expression-5.0.7.RELEASE.jar:/home/dev-10/.gradle/caches/modules-2/files-2.1/org.springframework/spring-core/5.0.7.RELEASE/54b731178d81e66eca9623df772ff32718208137/spring-core-5.0.7.RELEASE.jar:/home/dev-10/.gradle/caches/modules-2/files-2.1/org.xmlunit/xmlunit-core/2.5.1/4ffdb346572a7356f7521cd3119ce5287d2e339d/xmlunit-core-2.5.1.jar:/home/dev-10/.gradle/caches/modules-2/files-2.1/org.yaml/snakeyaml/1.19/2d998d3d674b172a588e54ab619854d073f555b5/snakeyaml-1.19.jar:/home/dev-10/.gradle/caches/modules-2/files-2.1/org.hibernate.common/hibernate-commons-annotations/5.0.1.Final/71e1cff3fcb20d3b3af4f3363c3ddb24d33c6879/hibernate-commons-annotations-5.0.1.Final.jar:/home/dev-10/.gradle/caches/modules-2/files-2.1/org.jboss.logging/jboss-logging/3.3.2.Final/3789d00e859632e6c6206adc0c71625559e6e3b0/jboss-logging-3.3.2.Final.jar:/home/dev-10/.gradle/caches/modules-2/files-2.1/org.hibernate.javax.persistence/hibernate-jpa-2.1-api/1.0.2.Final/52afb5762c704a6b586e27742470c08f91877fc1/hibernate-jpa-2.1-api-1.0.2.Final.jar:/home/dev-10/.gradle/caches/modules-2/files-2.1/org.javassist/javassist/3.22.0-GA/3e83394258ae2089be7219b971ec21a8288528ad/javassist-3.22.0-GA.jar:/home/dev-10/.gradle/caches/modules-2/files-2.1/antlr/antlr/2.7.7/83cd2cd674a217ade95a4bb83a8a14f351f48bd0/antlr-2.7.7.jar:/home/dev-10/.gradle/caches/modules-2/files-2.1/org.jboss/jandex/2.0.3.Final/bfc4d6257dbff7a33a357f0de116be6ff951d849/jandex-2.0.3.Final.jar:/home/dev-10/.gradle/caches/modules-2/files-2.1/com.fasterxml/classmate/1.3.4/3d5f48f10bbe4eb7bd862f10c0583be2e0053c6/classmate-1.3.4.jar:/home/dev-10/.gradle/caches/modules-2/files-2.1/dom4j/dom4j/1.6.1/5d3ccc056b6f056dbf0dddfdf43894b9065a8f94/dom4j-1.6.1.jar:/home/dev-10/.gradle/caches/modules-2/files-2.1/javax.validation/validation-api/2.0.1.Final/cb855558e6271b1b32e716d24cb85c7f583ce09e/validation-api-2.0.1.Final.jar:/home/dev-10/.gradle/caches/modules-2/files-2.1/commons-io/commons-io/2.4/b1b6ea3b7e4aa4f492509a4952029cd8e48019ad/commons-io-2.4.jar:/home/dev-10/.gradle/caches/modules-2/files-2.1/com.fasterxml.jackson.core/jackson-annotations/2.9.0/7c10d545325e3a6e72e06381afe469fd40eb701/jackson-annotations-2.9.0.jar:/home/dev-10/.gradle/caches/modules-2/files-2.1/com.fasterxml.jackson.core/jackson-core/2.9.6/4e393793c37c77e042ccc7be5a914ae39251b365/jackson-core-2.9.6.jar:/home/dev-10/.gradle/caches/modules-2/files-2.1/net.minidev/json-smart/2.3/7396407491352ce4fa30de92efb158adb76b5b/json-smart-2.3.jar:/home/dev-10/.gradle/caches/modules-2/files-2.1/net.bytebuddy/byte-buddy/1.7.11/f02857a4e2c66ccbe7aaad6100a0a6c461bce9b3/byte-buddy-1.7.11.jar:/home/dev-10/.gradle/caches/modules-2/files-2.1/net.bytebuddy/byte-buddy-agent/1.7.11/b425a8933ca07edd03c6dbc8bc3b595fba9780de/byte-buddy-agent-1.7.11.jar:/home/dev-10/.gradle/caches/modules-2/files-2.1/org.objenesis/objenesis/2.6/639033469776fd37c08358c6b92a4761feb2af4b/objenesis-2.6.jar:/home/dev-10/.gradle/caches/modules-2/files-2.1/com.vaadin.external.google/android-json/0.0.20131108.vaadin1/fa26d351fe62a6a17f5cda1287c1c6110dec413f/android-json-0.0.20131108.vaadin1.jar:/home/dev-10/.gradle/caches/modules-2/files-2.1/org.springframework/spring-jcl/5.0.7.RELEASE/699016ddf454c2c167d9f84ae5777eccadf54728/spring-jcl-5.0.7.RELEASE.jar:/home/dev-10/.gradle/caches/modules-2/files-2.1/net.minidev/accessors-smart/1.2/c592b500269bfde36096641b01238a8350f8aa31/accessors-smart-1.2.jar:/home/dev-10/.gradle/caches/modules-2/files-2.1/ch.qos.logback/logback-core/1.2.3/864344400c3d4d92dfeb0a305dc87d953677c03c/logback-core-1.2.3.jar:/home/dev-10/.gradle/caches/modules-2/files-2.1/org.apache.logging.log4j/log4j-api/2.10.0/fec5797a55b786184a537abd39c3fa1449d752d6/log4j-api-2.10.0.jar:/home/dev-10/.gradle/caches/modules-2/files-2.1/org.ow2.asm/asm/5.0.4/da08b8cce7bbf903602a25a3a163ae252435795/asm-5.0.4.jar, user.name=dev-10, java.vm.specification.version=1.8, sun.java.command=worker.org.gradle.process.internal.worker.GradleWorkerMain 'Gradle Test Executor 2', java.home=/usr/lib/jvm/java-8-oracle/jre, sun.arch.data.model=64, user.language=en, java.specification.vendor=Oracle Corporation, awt.toolkit=sun.awt.X11.XToolkit, java.vm.info=mixed mode, java.version=1.8.0_171, java.ext.dirs=/usr/lib/jvm/java-8-oracle/jre/lib/ext:/usr/java/packages/lib/ext, sun.boot.class.path=/usr/lib/jvm/java-8-oracle/jre/lib/resources.jar:/usr/lib/jvm/java-8-oracle/jre/lib/rt.jar:/usr/lib/jvm/java-8-oracle/jre/lib/sunrsasign.jar:/usr/lib/jvm/java-8-oracle/jre/lib/jsse.jar:/usr/lib/jvm/java-8-oracle/jre/lib/jce.jar:/usr/lib/jvm/java-8-oracle/jre/lib/charsets.jar:/usr/lib/jvm/java-8-oracle/jre/lib/jfr.jar:/usr/lib/jvm/java-8-oracle/jre/classes, java.vendor=Oracle Corporation, org.gradle.test.worker=2, file.separator=/, java.vendor.url.bug=http://bugreport.sun.com/bugreport/, sun.io.unicode.encoding=UnicodeLittle, sun.cpu.endian=little, sun.desktop=gnome, sun.cpu.isalist=}}, SystemEnvironmentPropertySource@766994559 {name='systemEnvironment', properties={PATH=/home/dev-10/bin:/home/dev-10/.local/bin:/usr/local/sbin:/usr/local/bin:/usr/sbin:/usr/bin:/sbin:/bin:/usr/games:/usr/local/games:/usr/share/maven/bin:/snap/bin:/usr/lib/jvm/java-8-oracle/bin:/usr/lib/jvm/java-8-oracle/db/bin:/usr/lib/jvm/java-8-oracle/jre/bin:/usr/share/maven/bin/bin, LC_MEASUREMENT=sr_RS, XAUTHORITY=/home/dev-10/.Xauthority, XMODIFIERS=@im=ibus, LC_TELEPHONE=sr_RS, XDG_DATA_DIRS=/usr/share/ubuntu:/usr/share/gnome:/usr/local/share:/usr/share:/var/lib/snapd/desktop:/var/lib/snapd/desktop, GDMSESSION=ubuntu, MANDATORY_PATH=/usr/share/gconf/ubuntu.mandatory.path, LC_TIME=sr_RS, GTK_IM_MODULE=ibus, DBUS_SESSION_BUS_ADDRESS=unix:abstract=/tmp/dbus-CMkUsQ6IzR, DEFAULTS_PATH=/usr/share/gconf/ubuntu.default.path, XDG_CURRENT_DESKTOP=Unity, UPSTART_SESSION=unix:abstract=/com/ubuntu/upstart-session/1000/1175, QT4_IM_MODULE=xim, SESSION_MANAGER=local/dev10-All-Series-ssd:@/tmp/.ICE-unix/1442,unix/dev10-All-Series-ssd:/tmp/.ICE-unix/1442, LC_PAPER=sr_RS, QT_LINUX_ACCESSIBILITY_ALWAYS_ON=1, LOGNAME=dev-10, JOB=dbus, PWD=/home/dev-10, DERBY_HOME=/usr/lib/jvm/java-8-oracle/db, IM_CONFIG_PHASE=1, LANGUAGE=en_US, SHELL=/bin/bash, LC_ADDRESS=sr_RS, GIO_LAUNCHED_DESKTOP_FILE=/etc/xdg/autostart/nautilus-autostart.desktop, INSTANCE=, GTK2_MODULES=overlay-scrollbar, J2SDKDIR=/usr/lib/jvm/java-8-oracle, GNOME_DESKTOP_SESSION_ID=this-is-deprecated, GTK_MODULES=gail:atk-bridge:unity-gtk-module, J2REDIR=/usr/lib/jvm/java-8-oracle/jre, GDK_SCALE=1, CLUTTER_IM_MODULE=xim, XDG_SESSION_PATH=/org/freedesktop/DisplayManager/Session0, M2_HOME=/usr/share/maven/bin, SESSIONTYPE=gnome-session, XDG_SESSION_DESKTOP=ubuntu, SHLVL=0, LC_IDENTIFICATION=sr_RS, LC_MONETARY=sr_RS, OXYGEN_DISABLE_INNER_SHADOWS_HACK=1, COMPIZ_CONFIG_PROFILE=ubuntu, QT_IM_MODULE=ibus, JAVA_HOME=/usr/lib/jvm/java-8-oracle, XDG_CONFIG_DIRS=/etc/xdg/xdg-ubuntu:/usr/share/upstart/xdg:/etc/xdg, GNOME_KEYRING_CONTROL=, LANG=en_US.UTF-8, XDG_SEAT_PATH=/org/freedesktop/DisplayManager/Seat0, XDG_SESSION_ID=c1, XDG_SESSION_TYPE=x11, DISPLAY=:0, LC_NAME=sr_RS, GDM_LANG=en_US, XDG_GREETER_DATA_DIR=/var/lib/lightdm-data/dev-10, LIBOVERLAY_SCROLLBAR=0, GDK_CORE_DEVICE_EVENTS=1, GPG_AGENT_INFO=/home/dev-10/.gnupg/S.gpg-agent:0:1, DESKTOP_SESSION=ubuntu, SESSION=ubuntu, USER=dev-10, XDG_MENU_PREFIX=gnome-, GIO_LAUNCHED_DESKTOP_FILE_PID=1681, QT_ACCESSIBILITY=1, LC_NUMERIC=sr_RS, SSH_AUTH_SOCK=/run/user/1000/keyring/ssh, XDG_SEAT=seat0, QT_QPA_PLATFORMTHEME=appmenu-qt5, XDG_VTNR=7, XDG_RUNTIME_DIR=/run/user/1000, HOME=/home/dev-10, GNOME_KEYRING_PID=}}]
14:10:40.982 [Test worker] DEBUG org.springframework.test.context.support.TestPropertySourceUtils - Adding inlined properties to environment: {spring.jmx.enabled=false, org.springframework.boot.test.context.SpringBootTestContextBootstrapper=true, server.port=-1}
14:10:40.982 [Test worker] DEBUG org.springframework.core.env.StandardEnvironment - Adding PropertySource 'Inlined Test Properties' with highest search precedence

  .   ____          _            __ _ _
 /\\ / ___'_ __ _ _(_)_ __  __ _ \ \ \ \
( ( )\___ | '_ | '_| | '_ \/ _` | \ \ \ \
 \\/  ___)| |_)| | | | | || (_| |  ) ) ) )
  '  |____| .__|_| |_|_| |_\__, | / / / /
 =========|_|==============|___/=/_/_/_/
 :: Spring Boot ::        (v2.0.3.RELEASE)

2018-07-27 14:10:41.326  INFO 16682 --- [    Test worker] c.t.j.s.r.test.SongRepositoryTest        : Starting SongRepositoryTest on dev10-All-Series-ssd with PID 16682 (started by dev-10 in /home/dev-10/Documents/rest/SpringJukeboxWebService)
2018-07-27 14:10:41.348  INFO 16682 --- [    Test worker] c.t.j.s.r.test.SongRepositoryTest        : No active profile set, falling back to default profiles: default
2018-07-27 14:10:41.369  INFO 16682 --- [    Test worker] s.c.a.AnnotationConfigApplicationContext : Refreshing org.springframework.context.annotation.AnnotationConfigApplicationContext@260034e8: startup date [Fri Jul 27 14:10:41 CEST 2018]; root of context hierarchy
2018-07-27 14:10:42.615  INFO 16682 --- [    Test worker] beddedDataSourceBeanFactoryPostProcessor : Replacing 'dataSource' DataSource bean with embedded version
2018-07-27 14:10:42.616  INFO 16682 --- [    Test worker] o.s.b.f.s.DefaultListableBeanFactory     : Overriding bean definition for bean 'dataSource' with a different definition: replacing [Root bean: class [null]; scope=; abstract=false; lazyInit=false; autowireMode=3; dependencyCheck=0; autowireCandidate=true; primary=false; factoryBeanName=org.springframework.boot.autoconfigure.jdbc.DataSourceConfiguration$Hikari; factoryMethodName=dataSource; initMethodName=null; destroyMethodName=(inferred); defined in class path resource [org/springframework/boot/autoconfigure/jdbc/DataSourceConfiguration$Hikari.class]] with [Root bean: class [org.springframework.boot.test.autoconfigure.jdbc.TestDatabaseAutoConfiguration$EmbeddedDataSourceFactoryBean]; scope=; abstract=false; lazyInit=false; autowireMode=0; dependencyCheck=0; autowireCandidate=true; primary=false; factoryBeanName=null; factoryMethodName=null; initMethodName=null; destroyMethodName=null]
2018-07-27 14:10:43.281  INFO 16682 --- [    Test worker] o.s.j.d.e.EmbeddedDatabaseFactory        : Starting embedded database: url='jdbc:h2:mem:5d7ce478-dd20-4f72-b444-57829ad6a7a3;DB_CLOSE_DELAY=-1;DB_CLOSE_ON_EXIT=false', username='sa'
2018-07-27 14:10:44.504  INFO 16682 --- [    Test worker] j.LocalContainerEntityManagerFactoryBean : Building JPA container EntityManagerFactory for persistence unit 'default'
2018-07-27 14:10:44.555  INFO 16682 --- [    Test worker] o.hibernate.jpa.internal.util.LogHelper  : HHH000204: Processing PersistenceUnitInfo [
	name: default
	...]
2018-07-27 14:10:44.862  INFO 16682 --- [    Test worker] org.hibernate.Version                    : HHH000412: Hibernate Core {5.2.17.Final}
2018-07-27 14:10:44.864  INFO 16682 --- [    Test worker] org.hibernate.cfg.Environment            : HHH000206: hibernate.properties not found
2018-07-27 14:10:44.962  INFO 16682 --- [    Test worker] o.hibernate.annotations.common.Version   : HCANN000001: Hibernate Commons Annotations {5.0.1.Final}
2018-07-27 14:10:45.283  INFO 16682 --- [    Test worker] org.hibernate.dialect.Dialect            : HHH000400: Using dialect: org.hibernate.dialect.MySQL5Dialect
Hibernate: create table artists (id bigint not null, name varchar(255) not null, genre_id bigint not null, primary key (id)) engine=MyISAM
Hibernate: create table genres (id bigint not null, name varchar(255) not null, primary key (id)) engine=MyISAM
Hibernate: create table hibernate_sequence (next_val bigint) engine=MyISAM
Hibernate: insert into hibernate_sequence values ( 1 )
Hibernate: insert into hibernate_sequence values ( 1 )
Hibernate: insert into hibernate_sequence values ( 1 )
Hibernate: insert into hibernate_sequence values ( 1 )
Hibernate: insert into hibernate_sequence values ( 1 )
Hibernate: insert into hibernate_sequence values ( 1 )
Hibernate: create table prices (id bigint not null, price bigint, primary key (id)) engine=MyISAM
Hibernate: create table songs (id bigint not null, name varchar(255) not null, artist_id bigint not null, price_id bigint not null, primary key (id)) engine=MyISAM
Hibernate: create table traffic (id bigint not null, date date not null, song_id bigint not null, user_id bigint not null, primary key (id)) engine=MyISAM
Hibernate: create table users (id bigint not null, email varchar(255) not null, password varchar(255) not null, primary key (id)) engine=MyISAM
Hibernate: alter table artists add constraint FKr2pmdxryaer8fv0v42fyp5nhm foreign key (genre_id) references genres (id)
Hibernate: alter table songs add constraint FKdjq2ujqovw5rc14q60f8p6b6e foreign key (artist_id) references artists (id)
Hibernate: alter table songs add constraint FKo3ka0gudjl5rhptmgix27rt63 foreign key (price_id) references prices (id)
Hibernate: alter table traffic add constraint FK24dwj383maiila4m6tqw9ayt0 foreign key (song_id) references songs (id)
Hibernate: alter table traffic add constraint FKjixhr5sfjoryb5jpjg1kdq31i foreign key (user_id) references users (id)
2018-07-27 14:10:47.041  INFO 16682 --- [    Test worker] j.LocalContainerEntityManagerFactoryBean : Initialized JPA EntityManagerFactory for persistence unit 'default'
2018-07-27 14:10:48.566  INFO 16682 --- [    Test worker] o.h.h.i.QueryTranslatorFactoryInitiator  : HHH000397: Using ASTQueryTranslatorFactory
2018-07-27 14:10:49.074  INFO 16682 --- [    Test worker] c.t.j.s.r.test.SongRepositoryTest        : Started SongRepositoryTest in 8.089 seconds (JVM running for 9.428)
2018-07-27 14:10:49.197  INFO 16682 --- [    Test worker] o.s.t.c.transaction.TransactionContext   : Began transaction (1) for test context [DefaultTestContext@43d39e8c testClass = SongRepositoryTest, testInstance = com.telnet.jukebox.spring.repository.test.SongRepositoryTest@24a17e6c, testMethod = getTop5Songs@SongRepositoryTest, testException = [null], mergedContextConfiguration = [MergedContextConfiguration@6fed3a8f testClass = SongRepositoryTest, locations = '{}', classes = '{class com.telnet.jukebox.spring.SpringJukeboxWebServiceApplication}', contextInitializerClasses = '[]', activeProfiles = '{}', propertySourceLocations = '{}', propertySourceProperties = '{org.springframework.boot.test.context.SpringBootTestContextBootstrapper=true}', contextCustomizers = set[org.springframework.boot.test.autoconfigure.OverrideAutoConfigurationContextCustomizerFactory$DisableAutoConfigurationContextCustomizer@1c8e934d, org.springframework.boot.test.autoconfigure.filter.TypeExcludeFiltersContextCustomizer@351584c0, org.springframework.boot.test.autoconfigure.properties.PropertyMappingContextCustomizer@f72df547, org.springframework.boot.test.autoconfigure.web.servlet.WebDriverContextCustomizerFactory$Customizer@1d7a227c, [ImportsContextCustomizer@214c1dd3 key = [org.springframework.boot.autoconfigure.cache.CacheAutoConfiguration, org.springframework.boot.autoconfigure.data.jpa.JpaRepositoriesAutoConfiguration, org.springframework.boot.autoconfigure.flyway.FlywayAutoConfiguration, org.springframework.boot.autoconfigure.jdbc.DataSourceAutoConfiguration, org.springframework.boot.autoconfigure.jdbc.DataSourceTransactionManagerAutoConfiguration, org.springframework.boot.autoconfigure.jdbc.JdbcTemplateAutoConfiguration, org.springframework.boot.autoconfigure.liquibase.LiquibaseAutoConfiguration, org.springframework.boot.autoconfigure.orm.jpa.HibernateJpaAutoConfiguration, org.springframework.boot.autoconfigure.transaction.TransactionAutoConfiguration, org.springframework.boot.test.autoconfigure.jdbc.TestDatabaseAutoConfiguration, org.springframework.boot.test.autoconfigure.orm.jpa.TestEntityManagerAutoConfiguration]], org.springframework.boot.test.context.filter.ExcludeFilterContextCustomizer@3e6b2d7d, org.springframework.boot.test.json.DuplicateJsonObjectContextCustomizerFactory$DuplicateJsonObjectContextCustomizer@3801af7a, org.springframework.boot.test.mock.mockito.MockitoContextCustomizer@0], contextLoader = 'org.springframework.boot.test.context.SpringBootContextLoader', parent = [null]], attributes = map[[empty]]]; transaction manager [org.springframework.orm.jpa.JpaTransactionManager@42f2d443]; rollback [true]
Hibernate: select next_val as id_val from hibernate_sequence for update
Hibernate: update hibernate_sequence set next_val= ? where next_val=?
Hibernate: select next_val as id_val from hibernate_sequence for update
Hibernate: update hibernate_sequence set next_val= ? where next_val=?
Hibernate: select next_val as id_val from hibernate_sequence for update
Hibernate: update hibernate_sequence set next_val= ? where next_val=?
Hibernate: select next_val as id_val from hibernate_sequence for update
Hibernate: update hibernate_sequence set next_val= ? where next_val=?
Hibernate: select next_val as id_val from hibernate_sequence for update
Hibernate: update hibernate_sequence set next_val= ? where next_val=?
Hibernate: select next_val as id_val from hibernate_sequence for update
Hibernate: update hibernate_sequence set next_val= ? where next_val=?
Hibernate: select next_val as id_val from hibernate_sequence for update
Hibernate: update hibernate_sequence set next_val= ? where next_val=?
Hibernate: select next_val as id_val from hibernate_sequence for update
Hibernate: update hibernate_sequence set next_val= ? where next_val=?
Hibernate: select next_val as id_val from hibernate_sequence for update
Hibernate: update hibernate_sequence set next_val= ? where next_val=?
Hibernate: select next_val as id_val from hibernate_sequence for update
Hibernate: update hibernate_sequence set next_val= ? where next_val=?
Hibernate: select next_val as id_val from hibernate_sequence for update
Hibernate: update hibernate_sequence set next_val= ? where next_val=?
Hibernate: select next_val as id_val from hibernate_sequence for update
Hibernate: update hibernate_sequence set next_val= ? where next_val=?
Hibernate: select next_val as id_val from hibernate_sequence for update
Hibernate: update hibernate_sequence set next_val= ? where next_val=?
Hibernate: select next_val as id_val from hibernate_sequence for update
Hibernate: update hibernate_sequence set next_val= ? where next_val=?
Hibernate: select next_val as id_val from hibernate_sequence for update
Hibernate: update hibernate_sequence set next_val= ? where next_val=?
Hibernate: select next_val as id_val from hibernate_sequence for update
Hibernate: update hibernate_sequence set next_val= ? where next_val=?
Hibernate: select next_val as id_val from hibernate_sequence for update
Hibernate: update hibernate_sequence set next_val= ? where next_val=?
Hibernate: select next_val as id_val from hibernate_sequence for update
Hibernate: update hibernate_sequence set next_val= ? where next_val=?
Hibernate: select next_val as id_val from hibernate_sequence for update
Hibernate: update hibernate_sequence set next_val= ? where next_val=?
Hibernate: select next_val as id_val from hibernate_sequence for update
Hibernate: update hibernate_sequence set next_val= ? where next_val=?
Hibernate: select next_val as id_val from hibernate_sequence for update
Hibernate: update hibernate_sequence set next_val= ? where next_val=?
Hibernate: select next_val as id_val from hibernate_sequence for update
Hibernate: update hibernate_sequence set next_val= ? where next_val=?
Hibernate: select next_val as id_val from hibernate_sequence for update
Hibernate: update hibernate_sequence set next_val= ? where next_val=?
Hibernate: select next_val as id_val from hibernate_sequence for update
Hibernate: update hibernate_sequence set next_val= ? where next_val=?
Hibernate: select next_val as id_val from hibernate_sequence for update
Hibernate: update hibernate_sequence set next_val= ? where next_val=?
Hibernate: select next_val as id_val from hibernate_sequence for update
Hibernate: update hibernate_sequence set next_val= ? where next_val=?
Hibernate: insert into prices (price, id) values (?, ?)
Hibernate: insert into genres (name, id) values (?, ?)
Hibernate: insert into artists (genre_id, name, id) values (?, ?, ?)
Hibernate: insert into songs (artist_id, name, price_id, id) values (?, ?, ?, ?)
Hibernate: insert into songs (artist_id, name, price_id, id) values (?, ?, ?, ?)
Hibernate: insert into songs (artist_id, name, price_id, id) values (?, ?, ?, ?)
Hibernate: insert into songs (artist_id, name, price_id, id) values (?, ?, ?, ?)
Hibernate: insert into songs (artist_id, name, price_id, id) values (?, ?, ?, ?)
Hibernate: insert into songs (artist_id, name, price_id, id) values (?, ?, ?, ?)
Hibernate: insert into users (email, password, id) values (?, ?, ?)
Hibernate: insert into traffic (date, song_id, user_id, id) values (?, ?, ?, ?)
Hibernate: insert into traffic (date, song_id, user_id, id) values (?, ?, ?, ?)
Hibernate: insert into traffic (date, song_id, user_id, id) values (?, ?, ?, ?)
Hibernate: insert into traffic (date, song_id, user_id, id) values (?, ?, ?, ?)
Hibernate: insert into traffic (date, song_id, user_id, id) values (?, ?, ?, ?)
Hibernate: insert into traffic (date, song_id, user_id, id) values (?, ?, ?, ?)
Hibernate: insert into traffic (date, song_id, user_id, id) values (?, ?, ?, ?)
Hibernate: insert into traffic (date, song_id, user_id, id) values (?, ?, ?, ?)
Hibernate: insert into traffic (date, song_id, user_id, id) values (?, ?, ?, ?)
Hibernate: insert into traffic (date, song_id, user_id, id) values (?, ?, ?, ?)
Hibernate: insert into traffic (date, song_id, user_id, id) values (?, ?, ?, ?)
Hibernate: insert into traffic (date, song_id, user_id, id) values (?, ?, ?, ?)
Hibernate: insert into traffic (date, song_id, user_id, id) values (?, ?, ?, ?)
Hibernate: insert into traffic (date, song_id, user_id, id) values (?, ?, ?, ?)
Hibernate: insert into traffic (date, song_id, user_id, id) values (?, ?, ?, ?)
Hibernate: insert into traffic (date, song_id, user_id, id) values (?, ?, ?, ?)
Hibernate: select song1_.id as id1_3_, song1_.artist_id as artist_i3_3_, song1_.name as name2_3_, song1_.price_id as price_id4_3_ from traffic traffic0_ inner join songs song1_ on traffic0_.song_id=song1_.id group by song1_.id order by count(traffic0_.song_id) DESC, traffic0_.id asc limit ?
2018-07-27 14:10:49.694  WARN 16682 --- [    Test worker] o.h.engine.jdbc.spi.SqlExceptionHelper   : SQL Error: 90016, SQLState: 90016
2018-07-27 14:10:49.695 ERROR 16682 --- [    Test worker] o.h.engine.jdbc.spi.SqlExceptionHelper   : Column "TRAFFIC0_.ID" must be in the GROUP BY list; SQL statement:
select song1_.id as id1_3_, song1_.artist_id as artist_i3_3_, song1_.name as name2_3_, song1_.price_id as price_id4_3_ from traffic traffic0_ inner join songs song1_ on traffic0_.song_id=song1_.id group by song1_.id order by count(traffic0_.song_id) DESC, traffic0_.id asc limit ? [90016-197]
2018-07-27 14:10:49.715  INFO 16682 --- [    Test worker] o.s.t.c.transaction.TransactionContext   : Rolled back transaction for test: [DefaultTestContext@43d39e8c testClass = SongRepositoryTest, testInstance = com.telnet.jukebox.spring.repository.test.SongRepositoryTest@24a17e6c, testMethod = getTop5Songs@SongRepositoryTest, testException = org.springframework.orm.jpa.JpaSystemException: could not extract ResultSet; nested exception is org.hibernate.exception.GenericJDBCException: could not extract ResultSet, mergedContextConfiguration = [MergedContextConfiguration@6fed3a8f testClass = SongRepositoryTest, locations = '{}', classes = '{class com.telnet.jukebox.spring.SpringJukeboxWebServiceApplication}', contextInitializerClasses = '[]', activeProfiles = '{}', propertySourceLocations = '{}', propertySourceProperties = '{org.springframework.boot.test.context.SpringBootTestContextBootstrapper=true}', contextCustomizers = set[org.springframework.boot.test.autoconfigure.OverrideAutoConfigurationContextCustomizerFactory$DisableAutoConfigurationContextCustomizer@1c8e934d, org.springframework.boot.test.autoconfigure.filter.TypeExcludeFiltersContextCustomizer@351584c0, org.springframework.boot.test.autoconfigure.properties.PropertyMappingContextCustomizer@f72df547, org.springframework.boot.test.autoconfigure.web.servlet.WebDriverContextCustomizerFactory$Customizer@1d7a227c, [ImportsContextCustomizer@214c1dd3 key = [org.springframework.boot.autoconfigure.cache.CacheAutoConfiguration, org.springframework.boot.autoconfigure.data.jpa.JpaRepositoriesAutoConfiguration, org.springframework.boot.autoconfigure.flyway.FlywayAutoConfiguration, org.springframework.boot.autoconfigure.jdbc.DataSourceAutoConfiguration, org.springframework.boot.autoconfigure.jdbc.DataSourceTransactionManagerAutoConfiguration, org.springframework.boot.autoconfigure.jdbc.JdbcTemplateAutoConfiguration, org.springframework.boot.autoconfigure.liquibase.LiquibaseAutoConfiguration, org.springframework.boot.autoconfigure.orm.jpa.HibernateJpaAutoConfiguration, org.springframework.boot.autoconfigure.transaction.TransactionAutoConfiguration, org.springframework.boot.test.autoconfigure.jdbc.TestDatabaseAutoConfiguration, org.springframework.boot.test.autoconfigure.orm.jpa.TestEntityManagerAutoConfiguration]], org.springframework.boot.test.context.filter.ExcludeFilterContextCustomizer@3e6b2d7d, org.springframework.boot.test.json.DuplicateJsonObjectContextCustomizerFactory$DuplicateJsonObjectContextCustomizer@3801af7a, org.springframework.boot.test.mock.mockito.MockitoContextCustomizer@0], contextLoader = 'org.springframework.boot.test.context.SpringBootContextLoader', parent = [null]], attributes = map[[empty]]]
]]></system-out>
  <system-err><![CDATA[]]></system-err>
</testsuite>
